{"name":"User can search with “Target”","id":"google-homepage-search;user-can-search-with-“target”","testSteps":[{"number":1,"description":"User can search with “Target” #1: {product\u003dplaystation 5}","duration":8419,"startTime":"2022-06-28T22:59:22.479-05:00[America/Bogota]","exception":{"errorType":"net.thucydides.core.webdriver.exceptions.ElementShouldBeEnabledException","message":"Expected enabled element was not enabled","stackTrace":[{"declaringClass":"testmasglobal.certification.tasks.GoTo","methodName":"performAs","fileName":"GoTo.java","lineNumber":20},{"declaringClass":"testmasglobal.certification.stepdefinitions.TestMasGlobalStepDefinition","methodName":"iTypeIntoTheSearchField","fileName":"TestMasGlobalStepDefinition.java","lineNumber":41},{"declaringClass":"cucumber.runner.Runner","methodName":"runPickle","fileName":"Runner.java","lineNumber":80}],"rootCause":{"errorType":"org.openqa.selenium.TimeoutException","message":"Expected condition failed: waiting for By.xpath: //input[@id\u003d\u0027search\u0027] to be enabled (tried for 5 second(s) with 100 milliseconds interval)","stackTrace":[{"declaringClass":"testmasglobal.certification.tasks.GoTo","methodName":"performAs","fileName":"GoTo.java","lineNumber":20},{"declaringClass":"testmasglobal.certification.stepdefinitions.TestMasGlobalStepDefinition","methodName":"iTypeIntoTheSearchField","fileName":"TestMasGlobalStepDefinition.java","lineNumber":41},{"declaringClass":"cucumber.runner.Runner","methodName":"runPickle","fileName":"Runner.java","lineNumber":80}],"rootCause":{"errorType":"org.openqa.selenium.NoSuchElementException","message":"no such element: Unable to locate element: {\"method\":\"xpath\",\"selector\":\"//input[@id\u003d\u0027search\u0027]\"}\n  (Session info: chrome\u003d102.0.5005.115)\nFor documentation on this error, please visit: http://seleniumhq.org/exceptions/no_such_element.html\nBuild info: version: \u00273.11.0\u0027, revision: \u0027e59cfb3\u0027, time: \u00272018-03-11T20:26:55.152Z\u0027\nSystem info: host: \u0027DESKTOP-4V6O9H3\u0027, ip: \u0027192.168.1.8\u0027, os.name: \u0027Windows 10\u0027, os.arch: \u0027amd64\u0027, os.version: \u002710.0\u0027, java.version: \u00271.8.0_311\u0027\nDriver info: org.openqa.selenium.chrome.ChromeDriver\nCapabilities {acceptInsecureCerts: false, browserName: chrome, browserVersion: 102.0.5005.115, chrome: {chromedriverVersion: 102.0.5005.61 (0e59bcc00cc4..., userDataDir: C:\\Users\\GUERRA\\AppData\\Loc...}, goog:chromeOptions: {debuggerAddress: localhost:50285}, javascriptEnabled: true, networkConnectionEnabled: false, pageLoadStrategy: normal, platform: WINDOWS, platformName: WINDOWS, proxy: Proxy(), setWindowRect: true, strictFileInteractability: false, timeouts: {implicit: 0, pageLoad: 300000, script: 30000}, unhandledPromptBehavior: dismiss and notify, webauthn:extension:credBlob: true, webauthn:extension:largeBlob: true, webauthn:virtualAuthenticators: true}\nSession ID: 15f678e2b0fb6edcb4551aef7ef055bf\n*** Element info: {Using\u003dxpath, value\u003d//input[@id\u003d\u0027search\u0027]}","stackTrace":[{"declaringClass":"testmasglobal.certification.tasks.GoTo","methodName":"performAs","fileName":"GoTo.java","lineNumber":20},{"declaringClass":"testmasglobal.certification.stepdefinitions.TestMasGlobalStepDefinition","methodName":"iTypeIntoTheSearchField","fileName":"TestMasGlobalStepDefinition.java","lineNumber":41},{"declaringClass":"cucumber.runner.Runner","methodName":"runPickle","fileName":"Runner.java","lineNumber":80}]}}},"result":"FAILURE","precondition":false,"children":[{"number":2,"description":"Given I’m on the homepage","duration":2496,"startTime":"2022-06-28T22:59:22.503-05:00[America/Bogota]","screenshots":[{"screenshot":"14f104975127c9d16b65ef59f608412a06b743d06441d23a6628029303f89461.png"}],"result":"SUCCESS","precondition":false},{"number":3,"description":"When I type playstation 5 into the search field","duration":5890,"startTime":"2022-06-28T22:59:25.001-05:00[America/Bogota]","screenshots":[{"screenshot":"fb32a928c8141bb2634d919c3f1fc6d9529ab718371cfdad24e74d8f0c5210c7.png"}],"exception":{"errorType":"net.thucydides.core.webdriver.exceptions.ElementShouldBeEnabledException","message":"Expected enabled element was not enabled","stackTrace":[{"declaringClass":"testmasglobal.certification.tasks.GoTo","methodName":"performAs","fileName":"GoTo.java","lineNumber":20},{"declaringClass":"testmasglobal.certification.stepdefinitions.TestMasGlobalStepDefinition","methodName":"iTypeIntoTheSearchField","fileName":"TestMasGlobalStepDefinition.java","lineNumber":41},{"declaringClass":"cucumber.runner.Runner","methodName":"runPickle","fileName":"Runner.java","lineNumber":80}],"rootCause":{"errorType":"org.openqa.selenium.TimeoutException","message":"Expected condition failed: waiting for By.xpath: //input[@id\u003d\u0027search\u0027] to be enabled (tried for 5 second(s) with 100 milliseconds interval)","stackTrace":[{"declaringClass":"testmasglobal.certification.tasks.GoTo","methodName":"performAs","fileName":"GoTo.java","lineNumber":20},{"declaringClass":"testmasglobal.certification.stepdefinitions.TestMasGlobalStepDefinition","methodName":"iTypeIntoTheSearchField","fileName":"TestMasGlobalStepDefinition.java","lineNumber":41},{"declaringClass":"cucumber.runner.Runner","methodName":"runPickle","fileName":"Runner.java","lineNumber":80}],"rootCause":{"errorType":"org.openqa.selenium.NoSuchElementException","message":"no such element: Unable to locate element: {\"method\":\"xpath\",\"selector\":\"//input[@id\u003d\u0027search\u0027]\"}\n  (Session info: chrome\u003d102.0.5005.115)\nFor documentation on this error, please visit: http://seleniumhq.org/exceptions/no_such_element.html\nBuild info: version: \u00273.11.0\u0027, revision: \u0027e59cfb3\u0027, time: \u00272018-03-11T20:26:55.152Z\u0027\nSystem info: host: \u0027DESKTOP-4V6O9H3\u0027, ip: \u0027192.168.1.8\u0027, os.name: \u0027Windows 10\u0027, os.arch: \u0027amd64\u0027, os.version: \u002710.0\u0027, java.version: \u00271.8.0_311\u0027\nDriver info: org.openqa.selenium.chrome.ChromeDriver\nCapabilities {acceptInsecureCerts: false, browserName: chrome, browserVersion: 102.0.5005.115, chrome: {chromedriverVersion: 102.0.5005.61 (0e59bcc00cc4..., userDataDir: C:\\Users\\GUERRA\\AppData\\Loc...}, goog:chromeOptions: {debuggerAddress: localhost:50285}, javascriptEnabled: true, networkConnectionEnabled: false, pageLoadStrategy: normal, platform: WINDOWS, platformName: WINDOWS, proxy: Proxy(), setWindowRect: true, strictFileInteractability: false, timeouts: {implicit: 0, pageLoad: 300000, script: 30000}, unhandledPromptBehavior: dismiss and notify, webauthn:extension:credBlob: true, webauthn:extension:largeBlob: true, webauthn:virtualAuthenticators: true}\nSession ID: 15f678e2b0fb6edcb4551aef7ef055bf\n*** Element info: {Using\u003dxpath, value\u003d//input[@id\u003d\u0027search\u0027]}","stackTrace":[{"declaringClass":"testmasglobal.certification.tasks.GoTo","methodName":"performAs","fileName":"GoTo.java","lineNumber":20},{"declaringClass":"testmasglobal.certification.stepdefinitions.TestMasGlobalStepDefinition","methodName":"iTypeIntoTheSearchField","fileName":"TestMasGlobalStepDefinition.java","lineNumber":41},{"declaringClass":"cucumber.runner.Runner","methodName":"runPickle","fileName":"Runner.java","lineNumber":80}]}}},"result":"FAILURE","precondition":false,"children":[{"number":4,"description":"Cristian enters \u0027playstation 5\u0027 into textbox search","duration":5568,"startTime":"2022-06-28T22:59:25.321-05:00[America/Bogota]","screenshots":[{"screenshot":"14f104975127c9d16b65ef59f608412a06b743d06441d23a6628029303f89461.png"},{"screenshot":"14f104975127c9d16b65ef59f608412a06b743d06441d23a6628029303f89461.png","htmlSource":"pagesource9101594908422386510.html.txt"}],"exception":{"errorType":"net.thucydides.core.webdriver.exceptions.ElementShouldBeEnabledException","message":"Expected enabled element was not enabled","stackTrace":[{"declaringClass":"testmasglobal.certification.tasks.GoTo","methodName":"performAs","fileName":"GoTo.java","lineNumber":20},{"declaringClass":"testmasglobal.certification.stepdefinitions.TestMasGlobalStepDefinition","methodName":"iTypeIntoTheSearchField","fileName":"TestMasGlobalStepDefinition.java","lineNumber":41},{"declaringClass":"cucumber.runner.Runner","methodName":"runPickle","fileName":"Runner.java","lineNumber":80}],"rootCause":{"errorType":"org.openqa.selenium.TimeoutException","message":"Expected condition failed: waiting for By.xpath: //input[@id\u003d\u0027search\u0027] to be enabled (tried for 5 second(s) with 100 milliseconds interval)","stackTrace":[{"declaringClass":"testmasglobal.certification.tasks.GoTo","methodName":"performAs","fileName":"GoTo.java","lineNumber":20},{"declaringClass":"testmasglobal.certification.stepdefinitions.TestMasGlobalStepDefinition","methodName":"iTypeIntoTheSearchField","fileName":"TestMasGlobalStepDefinition.java","lineNumber":41},{"declaringClass":"cucumber.runner.Runner","methodName":"runPickle","fileName":"Runner.java","lineNumber":80}],"rootCause":{"errorType":"org.openqa.selenium.NoSuchElementException","message":"no such element: Unable to locate element: {\"method\":\"xpath\",\"selector\":\"//input[@id\u003d\u0027search\u0027]\"}\n  (Session info: chrome\u003d102.0.5005.115)\nFor documentation on this error, please visit: http://seleniumhq.org/exceptions/no_such_element.html\nBuild info: version: \u00273.11.0\u0027, revision: \u0027e59cfb3\u0027, time: \u00272018-03-11T20:26:55.152Z\u0027\nSystem info: host: \u0027DESKTOP-4V6O9H3\u0027, ip: \u0027192.168.1.8\u0027, os.name: \u0027Windows 10\u0027, os.arch: \u0027amd64\u0027, os.version: \u002710.0\u0027, java.version: \u00271.8.0_311\u0027\nDriver info: org.openqa.selenium.chrome.ChromeDriver\nCapabilities {acceptInsecureCerts: false, browserName: chrome, browserVersion: 102.0.5005.115, chrome: {chromedriverVersion: 102.0.5005.61 (0e59bcc00cc4..., userDataDir: C:\\Users\\GUERRA\\AppData\\Loc...}, goog:chromeOptions: {debuggerAddress: localhost:50285}, javascriptEnabled: true, networkConnectionEnabled: false, pageLoadStrategy: normal, platform: WINDOWS, platformName: WINDOWS, proxy: Proxy(), setWindowRect: true, strictFileInteractability: false, timeouts: {implicit: 0, pageLoad: 300000, script: 30000}, unhandledPromptBehavior: dismiss and notify, webauthn:extension:credBlob: true, webauthn:extension:largeBlob: true, webauthn:virtualAuthenticators: true}\nSession ID: 15f678e2b0fb6edcb4551aef7ef055bf\n*** Element info: {Using\u003dxpath, value\u003d//input[@id\u003d\u0027search\u0027]}","stackTrace":[{"declaringClass":"testmasglobal.certification.tasks.GoTo","methodName":"performAs","fileName":"GoTo.java","lineNumber":20},{"declaringClass":"testmasglobal.certification.stepdefinitions.TestMasGlobalStepDefinition","methodName":"iTypeIntoTheSearchField","fileName":"TestMasGlobalStepDefinition.java","lineNumber":41},{"declaringClass":"cucumber.runner.Runner","methodName":"runPickle","fileName":"Runner.java","lineNumber":80}]}}},"result":"FAILURE","precondition":false}]},{"number":5,"description":"Perform as: Cristian","duration":4,"startTime":"2022-06-28T22:59:30.892-05:00[America/Bogota]","exception":{"errorType":"net.thucydides.core.webdriver.exceptions.ElementShouldBeEnabledException","message":"Expected enabled element was not enabled","stackTrace":[{"declaringClass":"testmasglobal.certification.tasks.GoTo","methodName":"performAs","fileName":"GoTo.java","lineNumber":20},{"declaringClass":"testmasglobal.certification.stepdefinitions.TestMasGlobalStepDefinition","methodName":"iTypeIntoTheSearchField","fileName":"TestMasGlobalStepDefinition.java","lineNumber":41},{"declaringClass":"cucumber.runner.Runner","methodName":"runPickle","fileName":"Runner.java","lineNumber":80}],"rootCause":{"errorType":"org.openqa.selenium.TimeoutException","message":"Expected condition failed: waiting for By.xpath: //input[@id\u003d\u0027search\u0027] to be enabled (tried for 5 second(s) with 100 milliseconds interval)","stackTrace":[{"declaringClass":"testmasglobal.certification.tasks.GoTo","methodName":"performAs","fileName":"GoTo.java","lineNumber":20},{"declaringClass":"testmasglobal.certification.stepdefinitions.TestMasGlobalStepDefinition","methodName":"iTypeIntoTheSearchField","fileName":"TestMasGlobalStepDefinition.java","lineNumber":41},{"declaringClass":"cucumber.runner.Runner","methodName":"runPickle","fileName":"Runner.java","lineNumber":80}],"rootCause":{"errorType":"org.openqa.selenium.NoSuchElementException","message":"no such element: Unable to locate element: {\"method\":\"xpath\",\"selector\":\"//input[@id\u003d\u0027search\u0027]\"}\n  (Session info: chrome\u003d102.0.5005.115)\nFor documentation on this error, please visit: http://seleniumhq.org/exceptions/no_such_element.html\nBuild info: version: \u00273.11.0\u0027, revision: \u0027e59cfb3\u0027, time: \u00272018-03-11T20:26:55.152Z\u0027\nSystem info: host: \u0027DESKTOP-4V6O9H3\u0027, ip: \u0027192.168.1.8\u0027, os.name: \u0027Windows 10\u0027, os.arch: \u0027amd64\u0027, os.version: \u002710.0\u0027, java.version: \u00271.8.0_311\u0027\nDriver info: org.openqa.selenium.chrome.ChromeDriver\nCapabilities {acceptInsecureCerts: false, browserName: chrome, browserVersion: 102.0.5005.115, chrome: {chromedriverVersion: 102.0.5005.61 (0e59bcc00cc4..., userDataDir: C:\\Users\\GUERRA\\AppData\\Loc...}, goog:chromeOptions: {debuggerAddress: localhost:50285}, javascriptEnabled: true, networkConnectionEnabled: false, pageLoadStrategy: normal, platform: WINDOWS, platformName: WINDOWS, proxy: Proxy(), setWindowRect: true, strictFileInteractability: false, timeouts: {implicit: 0, pageLoad: 300000, script: 30000}, unhandledPromptBehavior: dismiss and notify, webauthn:extension:credBlob: true, webauthn:extension:largeBlob: true, webauthn:virtualAuthenticators: true}\nSession ID: 15f678e2b0fb6edcb4551aef7ef055bf\n*** Element info: {Using\u003dxpath, value\u003d//input[@id\u003d\u0027search\u0027]}","stackTrace":[{"declaringClass":"testmasglobal.certification.tasks.GoTo","methodName":"performAs","fileName":"GoTo.java","lineNumber":20},{"declaringClass":"testmasglobal.certification.stepdefinitions.TestMasGlobalStepDefinition","methodName":"iTypeIntoTheSearchField","fileName":"TestMasGlobalStepDefinition.java","lineNumber":41},{"declaringClass":"cucumber.runner.Runner","methodName":"runPickle","fileName":"Runner.java","lineNumber":80}]}}},"result":"FAILURE","precondition":false}]},{"number":6,"description":"And I click the Target Search button","duration":1,"startTime":"2022-06-28T22:59:30.900-05:00[America/Bogota]","result":"PENDING","precondition":false},{"number":7,"description":"Then I go to the search results page","duration":1,"startTime":"2022-06-28T22:59:30.901-05:00[America/Bogota]","result":"SKIPPED","precondition":false},{"number":8,"description":"Then the watch result","duration":1,"startTime":"2022-06-28T22:59:30.902-05:00[America/Bogota]","result":"PENDING","precondition":false},{"number":9,"description":"User can search with “Target” #2: {product\u003dsoccer ball}","duration":7794,"startTime":"2022-06-28T22:59:31.582-05:00[America/Bogota]","exception":{"errorType":"net.thucydides.core.webdriver.exceptions.ElementShouldBeEnabledException","message":"Expected enabled element was not enabled","stackTrace":[{"declaringClass":"testmasglobal.certification.tasks.GoTo","methodName":"performAs","fileName":"GoTo.java","lineNumber":20},{"declaringClass":"testmasglobal.certification.stepdefinitions.TestMasGlobalStepDefinition","methodName":"iTypeIntoTheSearchField","fileName":"TestMasGlobalStepDefinition.java","lineNumber":41},{"declaringClass":"cucumber.runner.Runner","methodName":"runPickle","fileName":"Runner.java","lineNumber":80}],"rootCause":{"errorType":"org.openqa.selenium.TimeoutException","message":"Expected condition failed: waiting for By.xpath: //input[@id\u003d\u0027search\u0027] to be enabled (tried for 5 second(s) with 100 milliseconds interval)","stackTrace":[{"declaringClass":"testmasglobal.certification.tasks.GoTo","methodName":"performAs","fileName":"GoTo.java","lineNumber":20},{"declaringClass":"testmasglobal.certification.stepdefinitions.TestMasGlobalStepDefinition","methodName":"iTypeIntoTheSearchField","fileName":"TestMasGlobalStepDefinition.java","lineNumber":41},{"declaringClass":"cucumber.runner.Runner","methodName":"runPickle","fileName":"Runner.java","lineNumber":80}],"rootCause":{"errorType":"org.openqa.selenium.NoSuchElementException","message":"no such element: Unable to locate element: {\"method\":\"xpath\",\"selector\":\"//input[@id\u003d\u0027search\u0027]\"}\n  (Session info: chrome\u003d102.0.5005.115)\nFor documentation on this error, please visit: http://seleniumhq.org/exceptions/no_such_element.html\nBuild info: version: \u00273.11.0\u0027, revision: \u0027e59cfb3\u0027, time: \u00272018-03-11T20:26:55.152Z\u0027\nSystem info: host: \u0027DESKTOP-4V6O9H3\u0027, ip: \u0027192.168.1.8\u0027, os.name: \u0027Windows 10\u0027, os.arch: \u0027amd64\u0027, os.version: \u002710.0\u0027, java.version: \u00271.8.0_311\u0027\nDriver info: org.openqa.selenium.chrome.ChromeDriver\nCapabilities {acceptInsecureCerts: false, browserName: chrome, browserVersion: 102.0.5005.115, chrome: {chromedriverVersion: 102.0.5005.61 (0e59bcc00cc4..., userDataDir: C:\\Users\\GUERRA\\AppData\\Loc...}, goog:chromeOptions: {debuggerAddress: localhost:50312}, javascriptEnabled: true, networkConnectionEnabled: false, pageLoadStrategy: normal, platform: WINDOWS, platformName: WINDOWS, proxy: Proxy(), setWindowRect: true, strictFileInteractability: false, timeouts: {implicit: 0, pageLoad: 300000, script: 30000}, unhandledPromptBehavior: dismiss and notify, webauthn:extension:credBlob: true, webauthn:extension:largeBlob: true, webauthn:virtualAuthenticators: true}\nSession ID: c374643d877e19a33888514e173e4b43\n*** Element info: {Using\u003dxpath, value\u003d//input[@id\u003d\u0027search\u0027]}","stackTrace":[{"declaringClass":"testmasglobal.certification.tasks.GoTo","methodName":"performAs","fileName":"GoTo.java","lineNumber":20},{"declaringClass":"testmasglobal.certification.stepdefinitions.TestMasGlobalStepDefinition","methodName":"iTypeIntoTheSearchField","fileName":"TestMasGlobalStepDefinition.java","lineNumber":41},{"declaringClass":"cucumber.runner.Runner","methodName":"runPickle","fileName":"Runner.java","lineNumber":80}]}}},"result":"FAILURE","precondition":false,"children":[{"number":10,"description":"Given I’m on the homepage","duration":1974,"startTime":"2022-06-28T22:59:31.584-05:00[America/Bogota]","screenshots":[{"screenshot":"14f104975127c9d16b65ef59f608412a06b743d06441d23a6628029303f89461.png"}],"result":"SUCCESS","precondition":false},{"number":11,"description":"When I type soccer ball into the search field","duration":5814,"startTime":"2022-06-28T22:59:33.558-05:00[America/Bogota]","screenshots":[{"screenshot":"fb32a928c8141bb2634d919c3f1fc6d9529ab718371cfdad24e74d8f0c5210c7.png"}],"exception":{"errorType":"net.thucydides.core.webdriver.exceptions.ElementShouldBeEnabledException","message":"Expected enabled element was not enabled","stackTrace":[{"declaringClass":"testmasglobal.certification.tasks.GoTo","methodName":"performAs","fileName":"GoTo.java","lineNumber":20},{"declaringClass":"testmasglobal.certification.stepdefinitions.TestMasGlobalStepDefinition","methodName":"iTypeIntoTheSearchField","fileName":"TestMasGlobalStepDefinition.java","lineNumber":41},{"declaringClass":"cucumber.runner.Runner","methodName":"runPickle","fileName":"Runner.java","lineNumber":80}],"rootCause":{"errorType":"org.openqa.selenium.TimeoutException","message":"Expected condition failed: waiting for By.xpath: //input[@id\u003d\u0027search\u0027] to be enabled (tried for 5 second(s) with 100 milliseconds interval)","stackTrace":[{"declaringClass":"testmasglobal.certification.tasks.GoTo","methodName":"performAs","fileName":"GoTo.java","lineNumber":20},{"declaringClass":"testmasglobal.certification.stepdefinitions.TestMasGlobalStepDefinition","methodName":"iTypeIntoTheSearchField","fileName":"TestMasGlobalStepDefinition.java","lineNumber":41},{"declaringClass":"cucumber.runner.Runner","methodName":"runPickle","fileName":"Runner.java","lineNumber":80}],"rootCause":{"errorType":"org.openqa.selenium.NoSuchElementException","message":"no such element: Unable to locate element: {\"method\":\"xpath\",\"selector\":\"//input[@id\u003d\u0027search\u0027]\"}\n  (Session info: chrome\u003d102.0.5005.115)\nFor documentation on this error, please visit: http://seleniumhq.org/exceptions/no_such_element.html\nBuild info: version: \u00273.11.0\u0027, revision: \u0027e59cfb3\u0027, time: \u00272018-03-11T20:26:55.152Z\u0027\nSystem info: host: \u0027DESKTOP-4V6O9H3\u0027, ip: \u0027192.168.1.8\u0027, os.name: \u0027Windows 10\u0027, os.arch: \u0027amd64\u0027, os.version: \u002710.0\u0027, java.version: \u00271.8.0_311\u0027\nDriver info: org.openqa.selenium.chrome.ChromeDriver\nCapabilities {acceptInsecureCerts: false, browserName: chrome, browserVersion: 102.0.5005.115, chrome: {chromedriverVersion: 102.0.5005.61 (0e59bcc00cc4..., userDataDir: C:\\Users\\GUERRA\\AppData\\Loc...}, goog:chromeOptions: {debuggerAddress: localhost:50312}, javascriptEnabled: true, networkConnectionEnabled: false, pageLoadStrategy: normal, platform: WINDOWS, platformName: WINDOWS, proxy: Proxy(), setWindowRect: true, strictFileInteractability: false, timeouts: {implicit: 0, pageLoad: 300000, script: 30000}, unhandledPromptBehavior: dismiss and notify, webauthn:extension:credBlob: true, webauthn:extension:largeBlob: true, webauthn:virtualAuthenticators: true}\nSession ID: c374643d877e19a33888514e173e4b43\n*** Element info: {Using\u003dxpath, value\u003d//input[@id\u003d\u0027search\u0027]}","stackTrace":[{"declaringClass":"testmasglobal.certification.tasks.GoTo","methodName":"performAs","fileName":"GoTo.java","lineNumber":20},{"declaringClass":"testmasglobal.certification.stepdefinitions.TestMasGlobalStepDefinition","methodName":"iTypeIntoTheSearchField","fileName":"TestMasGlobalStepDefinition.java","lineNumber":41},{"declaringClass":"cucumber.runner.Runner","methodName":"runPickle","fileName":"Runner.java","lineNumber":80}]}}},"result":"FAILURE","precondition":false,"children":[{"number":12,"description":"Cristian enters \u0027soccer ball\u0027 into textbox search","duration":5596,"startTime":"2022-06-28T22:59:33.774-05:00[America/Bogota]","screenshots":[{"screenshot":"fb32a928c8141bb2634d919c3f1fc6d9529ab718371cfdad24e74d8f0c5210c7.png"},{"screenshot":"fb32a928c8141bb2634d919c3f1fc6d9529ab718371cfdad24e74d8f0c5210c7.png","htmlSource":"pagesource4641393226411737442.html.txt"}],"exception":{"errorType":"net.thucydides.core.webdriver.exceptions.ElementShouldBeEnabledException","message":"Expected enabled element was not enabled","stackTrace":[{"declaringClass":"testmasglobal.certification.tasks.GoTo","methodName":"performAs","fileName":"GoTo.java","lineNumber":20},{"declaringClass":"testmasglobal.certification.stepdefinitions.TestMasGlobalStepDefinition","methodName":"iTypeIntoTheSearchField","fileName":"TestMasGlobalStepDefinition.java","lineNumber":41},{"declaringClass":"cucumber.runner.Runner","methodName":"runPickle","fileName":"Runner.java","lineNumber":80}],"rootCause":{"errorType":"org.openqa.selenium.TimeoutException","message":"Expected condition failed: waiting for By.xpath: //input[@id\u003d\u0027search\u0027] to be enabled (tried for 5 second(s) with 100 milliseconds interval)","stackTrace":[{"declaringClass":"testmasglobal.certification.tasks.GoTo","methodName":"performAs","fileName":"GoTo.java","lineNumber":20},{"declaringClass":"testmasglobal.certification.stepdefinitions.TestMasGlobalStepDefinition","methodName":"iTypeIntoTheSearchField","fileName":"TestMasGlobalStepDefinition.java","lineNumber":41},{"declaringClass":"cucumber.runner.Runner","methodName":"runPickle","fileName":"Runner.java","lineNumber":80}],"rootCause":{"errorType":"org.openqa.selenium.NoSuchElementException","message":"no such element: Unable to locate element: {\"method\":\"xpath\",\"selector\":\"//input[@id\u003d\u0027search\u0027]\"}\n  (Session info: chrome\u003d102.0.5005.115)\nFor documentation on this error, please visit: http://seleniumhq.org/exceptions/no_such_element.html\nBuild info: version: \u00273.11.0\u0027, revision: \u0027e59cfb3\u0027, time: \u00272018-03-11T20:26:55.152Z\u0027\nSystem info: host: \u0027DESKTOP-4V6O9H3\u0027, ip: \u0027192.168.1.8\u0027, os.name: \u0027Windows 10\u0027, os.arch: \u0027amd64\u0027, os.version: \u002710.0\u0027, java.version: \u00271.8.0_311\u0027\nDriver info: org.openqa.selenium.chrome.ChromeDriver\nCapabilities {acceptInsecureCerts: false, browserName: chrome, browserVersion: 102.0.5005.115, chrome: {chromedriverVersion: 102.0.5005.61 (0e59bcc00cc4..., userDataDir: C:\\Users\\GUERRA\\AppData\\Loc...}, goog:chromeOptions: {debuggerAddress: localhost:50312}, javascriptEnabled: true, networkConnectionEnabled: false, pageLoadStrategy: normal, platform: WINDOWS, platformName: WINDOWS, proxy: Proxy(), setWindowRect: true, strictFileInteractability: false, timeouts: {implicit: 0, pageLoad: 300000, script: 30000}, unhandledPromptBehavior: dismiss and notify, webauthn:extension:credBlob: true, webauthn:extension:largeBlob: true, webauthn:virtualAuthenticators: true}\nSession ID: c374643d877e19a33888514e173e4b43\n*** Element info: {Using\u003dxpath, value\u003d//input[@id\u003d\u0027search\u0027]}","stackTrace":[{"declaringClass":"testmasglobal.certification.tasks.GoTo","methodName":"performAs","fileName":"GoTo.java","lineNumber":20},{"declaringClass":"testmasglobal.certification.stepdefinitions.TestMasGlobalStepDefinition","methodName":"iTypeIntoTheSearchField","fileName":"TestMasGlobalStepDefinition.java","lineNumber":41},{"declaringClass":"cucumber.runner.Runner","methodName":"runPickle","fileName":"Runner.java","lineNumber":80}]}}},"result":"FAILURE","precondition":false}]},{"number":13,"description":"Perform as: Cristian","duration":2,"startTime":"2022-06-28T22:59:39.373-05:00[America/Bogota]","exception":{"errorType":"net.thucydides.core.webdriver.exceptions.ElementShouldBeEnabledException","message":"Expected enabled element was not enabled","stackTrace":[{"declaringClass":"testmasglobal.certification.tasks.GoTo","methodName":"performAs","fileName":"GoTo.java","lineNumber":20},{"declaringClass":"testmasglobal.certification.stepdefinitions.TestMasGlobalStepDefinition","methodName":"iTypeIntoTheSearchField","fileName":"TestMasGlobalStepDefinition.java","lineNumber":41},{"declaringClass":"cucumber.runner.Runner","methodName":"runPickle","fileName":"Runner.java","lineNumber":80}],"rootCause":{"errorType":"org.openqa.selenium.TimeoutException","message":"Expected condition failed: waiting for By.xpath: //input[@id\u003d\u0027search\u0027] to be enabled (tried for 5 second(s) with 100 milliseconds interval)","stackTrace":[{"declaringClass":"testmasglobal.certification.tasks.GoTo","methodName":"performAs","fileName":"GoTo.java","lineNumber":20},{"declaringClass":"testmasglobal.certification.stepdefinitions.TestMasGlobalStepDefinition","methodName":"iTypeIntoTheSearchField","fileName":"TestMasGlobalStepDefinition.java","lineNumber":41},{"declaringClass":"cucumber.runner.Runner","methodName":"runPickle","fileName":"Runner.java","lineNumber":80}],"rootCause":{"errorType":"org.openqa.selenium.NoSuchElementException","message":"no such element: Unable to locate element: {\"method\":\"xpath\",\"selector\":\"//input[@id\u003d\u0027search\u0027]\"}\n  (Session info: chrome\u003d102.0.5005.115)\nFor documentation on this error, please visit: http://seleniumhq.org/exceptions/no_such_element.html\nBuild info: version: \u00273.11.0\u0027, revision: \u0027e59cfb3\u0027, time: \u00272018-03-11T20:26:55.152Z\u0027\nSystem info: host: \u0027DESKTOP-4V6O9H3\u0027, ip: \u0027192.168.1.8\u0027, os.name: \u0027Windows 10\u0027, os.arch: \u0027amd64\u0027, os.version: \u002710.0\u0027, java.version: \u00271.8.0_311\u0027\nDriver info: org.openqa.selenium.chrome.ChromeDriver\nCapabilities {acceptInsecureCerts: false, browserName: chrome, browserVersion: 102.0.5005.115, chrome: {chromedriverVersion: 102.0.5005.61 (0e59bcc00cc4..., userDataDir: C:\\Users\\GUERRA\\AppData\\Loc...}, goog:chromeOptions: {debuggerAddress: localhost:50312}, javascriptEnabled: true, networkConnectionEnabled: false, pageLoadStrategy: normal, platform: WINDOWS, platformName: WINDOWS, proxy: Proxy(), setWindowRect: true, strictFileInteractability: false, timeouts: {implicit: 0, pageLoad: 300000, script: 30000}, unhandledPromptBehavior: dismiss and notify, webauthn:extension:credBlob: true, webauthn:extension:largeBlob: true, webauthn:virtualAuthenticators: true}\nSession ID: c374643d877e19a33888514e173e4b43\n*** Element info: {Using\u003dxpath, value\u003d//input[@id\u003d\u0027search\u0027]}","stackTrace":[{"declaringClass":"testmasglobal.certification.tasks.GoTo","methodName":"performAs","fileName":"GoTo.java","lineNumber":20},{"declaringClass":"testmasglobal.certification.stepdefinitions.TestMasGlobalStepDefinition","methodName":"iTypeIntoTheSearchField","fileName":"TestMasGlobalStepDefinition.java","lineNumber":41},{"declaringClass":"cucumber.runner.Runner","methodName":"runPickle","fileName":"Runner.java","lineNumber":80}]}}},"result":"FAILURE","precondition":false}]},{"number":14,"description":"And I click the Target Search button","duration":1,"startTime":"2022-06-28T22:59:39.377-05:00[America/Bogota]","result":"PENDING","precondition":false},{"number":15,"description":"Then I go to the search results page","duration":0,"startTime":"2022-06-28T22:59:39.378-05:00[America/Bogota]","result":"IGNORED","precondition":false},{"number":16,"description":"Then the watch result","duration":1,"startTime":"2022-06-28T22:59:39.378-05:00[America/Bogota]","result":"PENDING","precondition":false},{"number":17,"description":"User can search with “Target” #3: {product\u003dsoccer ball}","duration":7767,"startTime":"2022-06-28T22:59:39.988-05:00[America/Bogota]","exception":{"errorType":"net.thucydides.core.webdriver.exceptions.ElementShouldBeEnabledException","message":"Expected enabled element was not enabled","stackTrace":[{"declaringClass":"testmasglobal.certification.tasks.GoTo","methodName":"performAs","fileName":"GoTo.java","lineNumber":20},{"declaringClass":"testmasglobal.certification.stepdefinitions.TestMasGlobalStepDefinition","methodName":"iTypeIntoTheSearchField","fileName":"TestMasGlobalStepDefinition.java","lineNumber":41},{"declaringClass":"cucumber.runner.Runner","methodName":"runPickle","fileName":"Runner.java","lineNumber":80}],"rootCause":{"errorType":"org.openqa.selenium.TimeoutException","message":"Expected condition failed: waiting for By.xpath: //input[@id\u003d\u0027search\u0027] to be enabled (tried for 5 second(s) with 100 milliseconds interval)","stackTrace":[{"declaringClass":"testmasglobal.certification.tasks.GoTo","methodName":"performAs","fileName":"GoTo.java","lineNumber":20},{"declaringClass":"testmasglobal.certification.stepdefinitions.TestMasGlobalStepDefinition","methodName":"iTypeIntoTheSearchField","fileName":"TestMasGlobalStepDefinition.java","lineNumber":41},{"declaringClass":"cucumber.runner.Runner","methodName":"runPickle","fileName":"Runner.java","lineNumber":80}],"rootCause":{"errorType":"org.openqa.selenium.NoSuchElementException","message":"no such element: Unable to locate element: {\"method\":\"xpath\",\"selector\":\"//input[@id\u003d\u0027search\u0027]\"}\n  (Session info: chrome\u003d102.0.5005.115)\nFor documentation on this error, please visit: http://seleniumhq.org/exceptions/no_such_element.html\nBuild info: version: \u00273.11.0\u0027, revision: \u0027e59cfb3\u0027, time: \u00272018-03-11T20:26:55.152Z\u0027\nSystem info: host: \u0027DESKTOP-4V6O9H3\u0027, ip: \u0027192.168.1.8\u0027, os.name: \u0027Windows 10\u0027, os.arch: \u0027amd64\u0027, os.version: \u002710.0\u0027, java.version: \u00271.8.0_311\u0027\nDriver info: org.openqa.selenium.chrome.ChromeDriver\nCapabilities {acceptInsecureCerts: false, browserName: chrome, browserVersion: 102.0.5005.115, chrome: {chromedriverVersion: 102.0.5005.61 (0e59bcc00cc4..., userDataDir: C:\\Users\\GUERRA\\AppData\\Loc...}, goog:chromeOptions: {debuggerAddress: localhost:50336}, javascriptEnabled: true, networkConnectionEnabled: false, pageLoadStrategy: normal, platform: WINDOWS, platformName: WINDOWS, proxy: Proxy(), setWindowRect: true, strictFileInteractability: false, timeouts: {implicit: 0, pageLoad: 300000, script: 30000}, unhandledPromptBehavior: dismiss and notify, webauthn:extension:credBlob: true, webauthn:extension:largeBlob: true, webauthn:virtualAuthenticators: true}\nSession ID: 6e059bcaf96ecdec6bb01df76261358b\n*** Element info: {Using\u003dxpath, value\u003d//input[@id\u003d\u0027search\u0027]}","stackTrace":[{"declaringClass":"testmasglobal.certification.tasks.GoTo","methodName":"performAs","fileName":"GoTo.java","lineNumber":20},{"declaringClass":"testmasglobal.certification.stepdefinitions.TestMasGlobalStepDefinition","methodName":"iTypeIntoTheSearchField","fileName":"TestMasGlobalStepDefinition.java","lineNumber":41},{"declaringClass":"cucumber.runner.Runner","methodName":"runPickle","fileName":"Runner.java","lineNumber":80}]}}},"result":"FAILURE","precondition":false,"children":[{"number":18,"description":"Given I’m on the homepage","duration":2002,"startTime":"2022-06-28T22:59:39.990-05:00[America/Bogota]","screenshots":[{"screenshot":"14f104975127c9d16b65ef59f608412a06b743d06441d23a6628029303f89461.png"}],"result":"SUCCESS","precondition":false},{"number":19,"description":"When I type soccer ball into the search field","duration":5761,"startTime":"2022-06-28T22:59:41.992-05:00[America/Bogota]","screenshots":[{"screenshot":"fb32a928c8141bb2634d919c3f1fc6d9529ab718371cfdad24e74d8f0c5210c7.png"}],"exception":{"errorType":"net.thucydides.core.webdriver.exceptions.ElementShouldBeEnabledException","message":"Expected enabled element was not enabled","stackTrace":[{"declaringClass":"testmasglobal.certification.tasks.GoTo","methodName":"performAs","fileName":"GoTo.java","lineNumber":20},{"declaringClass":"testmasglobal.certification.stepdefinitions.TestMasGlobalStepDefinition","methodName":"iTypeIntoTheSearchField","fileName":"TestMasGlobalStepDefinition.java","lineNumber":41},{"declaringClass":"cucumber.runner.Runner","methodName":"runPickle","fileName":"Runner.java","lineNumber":80}],"rootCause":{"errorType":"org.openqa.selenium.TimeoutException","message":"Expected condition failed: waiting for By.xpath: //input[@id\u003d\u0027search\u0027] to be enabled (tried for 5 second(s) with 100 milliseconds interval)","stackTrace":[{"declaringClass":"testmasglobal.certification.tasks.GoTo","methodName":"performAs","fileName":"GoTo.java","lineNumber":20},{"declaringClass":"testmasglobal.certification.stepdefinitions.TestMasGlobalStepDefinition","methodName":"iTypeIntoTheSearchField","fileName":"TestMasGlobalStepDefinition.java","lineNumber":41},{"declaringClass":"cucumber.runner.Runner","methodName":"runPickle","fileName":"Runner.java","lineNumber":80}],"rootCause":{"errorType":"org.openqa.selenium.NoSuchElementException","message":"no such element: Unable to locate element: {\"method\":\"xpath\",\"selector\":\"//input[@id\u003d\u0027search\u0027]\"}\n  (Session info: chrome\u003d102.0.5005.115)\nFor documentation on this error, please visit: http://seleniumhq.org/exceptions/no_such_element.html\nBuild info: version: \u00273.11.0\u0027, revision: \u0027e59cfb3\u0027, time: \u00272018-03-11T20:26:55.152Z\u0027\nSystem info: host: \u0027DESKTOP-4V6O9H3\u0027, ip: \u0027192.168.1.8\u0027, os.name: \u0027Windows 10\u0027, os.arch: \u0027amd64\u0027, os.version: \u002710.0\u0027, java.version: \u00271.8.0_311\u0027\nDriver info: org.openqa.selenium.chrome.ChromeDriver\nCapabilities {acceptInsecureCerts: false, browserName: chrome, browserVersion: 102.0.5005.115, chrome: {chromedriverVersion: 102.0.5005.61 (0e59bcc00cc4..., userDataDir: C:\\Users\\GUERRA\\AppData\\Loc...}, goog:chromeOptions: {debuggerAddress: localhost:50336}, javascriptEnabled: true, networkConnectionEnabled: false, pageLoadStrategy: normal, platform: WINDOWS, platformName: WINDOWS, proxy: Proxy(), setWindowRect: true, strictFileInteractability: false, timeouts: {implicit: 0, pageLoad: 300000, script: 30000}, unhandledPromptBehavior: dismiss and notify, webauthn:extension:credBlob: true, webauthn:extension:largeBlob: true, webauthn:virtualAuthenticators: true}\nSession ID: 6e059bcaf96ecdec6bb01df76261358b\n*** Element info: {Using\u003dxpath, value\u003d//input[@id\u003d\u0027search\u0027]}","stackTrace":[{"declaringClass":"testmasglobal.certification.tasks.GoTo","methodName":"performAs","fileName":"GoTo.java","lineNumber":20},{"declaringClass":"testmasglobal.certification.stepdefinitions.TestMasGlobalStepDefinition","methodName":"iTypeIntoTheSearchField","fileName":"TestMasGlobalStepDefinition.java","lineNumber":41},{"declaringClass":"cucumber.runner.Runner","methodName":"runPickle","fileName":"Runner.java","lineNumber":80}]}}},"result":"FAILURE","precondition":false,"children":[{"number":20,"description":"Cristian enters \u0027soccer ball\u0027 into textbox search","duration":5539,"startTime":"2022-06-28T22:59:42.212-05:00[America/Bogota]","screenshots":[{"screenshot":"fb32a928c8141bb2634d919c3f1fc6d9529ab718371cfdad24e74d8f0c5210c7.png"},{"screenshot":"fb32a928c8141bb2634d919c3f1fc6d9529ab718371cfdad24e74d8f0c5210c7.png","htmlSource":"pagesource9179652901277283945.html.txt"}],"exception":{"errorType":"net.thucydides.core.webdriver.exceptions.ElementShouldBeEnabledException","message":"Expected enabled element was not enabled","stackTrace":[{"declaringClass":"testmasglobal.certification.tasks.GoTo","methodName":"performAs","fileName":"GoTo.java","lineNumber":20},{"declaringClass":"testmasglobal.certification.stepdefinitions.TestMasGlobalStepDefinition","methodName":"iTypeIntoTheSearchField","fileName":"TestMasGlobalStepDefinition.java","lineNumber":41},{"declaringClass":"cucumber.runner.Runner","methodName":"runPickle","fileName":"Runner.java","lineNumber":80}],"rootCause":{"errorType":"org.openqa.selenium.TimeoutException","message":"Expected condition failed: waiting for By.xpath: //input[@id\u003d\u0027search\u0027] to be enabled (tried for 5 second(s) with 100 milliseconds interval)","stackTrace":[{"declaringClass":"testmasglobal.certification.tasks.GoTo","methodName":"performAs","fileName":"GoTo.java","lineNumber":20},{"declaringClass":"testmasglobal.certification.stepdefinitions.TestMasGlobalStepDefinition","methodName":"iTypeIntoTheSearchField","fileName":"TestMasGlobalStepDefinition.java","lineNumber":41},{"declaringClass":"cucumber.runner.Runner","methodName":"runPickle","fileName":"Runner.java","lineNumber":80}],"rootCause":{"errorType":"org.openqa.selenium.NoSuchElementException","message":"no such element: Unable to locate element: {\"method\":\"xpath\",\"selector\":\"//input[@id\u003d\u0027search\u0027]\"}\n  (Session info: chrome\u003d102.0.5005.115)\nFor documentation on this error, please visit: http://seleniumhq.org/exceptions/no_such_element.html\nBuild info: version: \u00273.11.0\u0027, revision: \u0027e59cfb3\u0027, time: \u00272018-03-11T20:26:55.152Z\u0027\nSystem info: host: \u0027DESKTOP-4V6O9H3\u0027, ip: \u0027192.168.1.8\u0027, os.name: \u0027Windows 10\u0027, os.arch: \u0027amd64\u0027, os.version: \u002710.0\u0027, java.version: \u00271.8.0_311\u0027\nDriver info: org.openqa.selenium.chrome.ChromeDriver\nCapabilities {acceptInsecureCerts: false, browserName: chrome, browserVersion: 102.0.5005.115, chrome: {chromedriverVersion: 102.0.5005.61 (0e59bcc00cc4..., userDataDir: C:\\Users\\GUERRA\\AppData\\Loc...}, goog:chromeOptions: {debuggerAddress: localhost:50336}, javascriptEnabled: true, networkConnectionEnabled: false, pageLoadStrategy: normal, platform: WINDOWS, platformName: WINDOWS, proxy: Proxy(), setWindowRect: true, strictFileInteractability: false, timeouts: {implicit: 0, pageLoad: 300000, script: 30000}, unhandledPromptBehavior: dismiss and notify, webauthn:extension:credBlob: true, webauthn:extension:largeBlob: true, webauthn:virtualAuthenticators: true}\nSession ID: 6e059bcaf96ecdec6bb01df76261358b\n*** Element info: {Using\u003dxpath, value\u003d//input[@id\u003d\u0027search\u0027]}","stackTrace":[{"declaringClass":"testmasglobal.certification.tasks.GoTo","methodName":"performAs","fileName":"GoTo.java","lineNumber":20},{"declaringClass":"testmasglobal.certification.stepdefinitions.TestMasGlobalStepDefinition","methodName":"iTypeIntoTheSearchField","fileName":"TestMasGlobalStepDefinition.java","lineNumber":41},{"declaringClass":"cucumber.runner.Runner","methodName":"runPickle","fileName":"Runner.java","lineNumber":80}]}}},"result":"FAILURE","precondition":false}]},{"number":21,"description":"Perform as: Cristian","duration":1,"startTime":"2022-06-28T22:59:47.753-05:00[America/Bogota]","exception":{"errorType":"net.thucydides.core.webdriver.exceptions.ElementShouldBeEnabledException","message":"Expected enabled element was not enabled","stackTrace":[{"declaringClass":"testmasglobal.certification.tasks.GoTo","methodName":"performAs","fileName":"GoTo.java","lineNumber":20},{"declaringClass":"testmasglobal.certification.stepdefinitions.TestMasGlobalStepDefinition","methodName":"iTypeIntoTheSearchField","fileName":"TestMasGlobalStepDefinition.java","lineNumber":41},{"declaringClass":"cucumber.runner.Runner","methodName":"runPickle","fileName":"Runner.java","lineNumber":80}],"rootCause":{"errorType":"org.openqa.selenium.TimeoutException","message":"Expected condition failed: waiting for By.xpath: //input[@id\u003d\u0027search\u0027] to be enabled (tried for 5 second(s) with 100 milliseconds interval)","stackTrace":[{"declaringClass":"testmasglobal.certification.tasks.GoTo","methodName":"performAs","fileName":"GoTo.java","lineNumber":20},{"declaringClass":"testmasglobal.certification.stepdefinitions.TestMasGlobalStepDefinition","methodName":"iTypeIntoTheSearchField","fileName":"TestMasGlobalStepDefinition.java","lineNumber":41},{"declaringClass":"cucumber.runner.Runner","methodName":"runPickle","fileName":"Runner.java","lineNumber":80}],"rootCause":{"errorType":"org.openqa.selenium.NoSuchElementException","message":"no such element: Unable to locate element: {\"method\":\"xpath\",\"selector\":\"//input[@id\u003d\u0027search\u0027]\"}\n  (Session info: chrome\u003d102.0.5005.115)\nFor documentation on this error, please visit: http://seleniumhq.org/exceptions/no_such_element.html\nBuild info: version: \u00273.11.0\u0027, revision: \u0027e59cfb3\u0027, time: \u00272018-03-11T20:26:55.152Z\u0027\nSystem info: host: \u0027DESKTOP-4V6O9H3\u0027, ip: \u0027192.168.1.8\u0027, os.name: \u0027Windows 10\u0027, os.arch: \u0027amd64\u0027, os.version: \u002710.0\u0027, java.version: \u00271.8.0_311\u0027\nDriver info: org.openqa.selenium.chrome.ChromeDriver\nCapabilities {acceptInsecureCerts: false, browserName: chrome, browserVersion: 102.0.5005.115, chrome: {chromedriverVersion: 102.0.5005.61 (0e59bcc00cc4..., userDataDir: C:\\Users\\GUERRA\\AppData\\Loc...}, goog:chromeOptions: {debuggerAddress: localhost:50336}, javascriptEnabled: true, networkConnectionEnabled: false, pageLoadStrategy: normal, platform: WINDOWS, platformName: WINDOWS, proxy: Proxy(), setWindowRect: true, strictFileInteractability: false, timeouts: {implicit: 0, pageLoad: 300000, script: 30000}, unhandledPromptBehavior: dismiss and notify, webauthn:extension:credBlob: true, webauthn:extension:largeBlob: true, webauthn:virtualAuthenticators: true}\nSession ID: 6e059bcaf96ecdec6bb01df76261358b\n*** Element info: {Using\u003dxpath, value\u003d//input[@id\u003d\u0027search\u0027]}","stackTrace":[{"declaringClass":"testmasglobal.certification.tasks.GoTo","methodName":"performAs","fileName":"GoTo.java","lineNumber":20},{"declaringClass":"testmasglobal.certification.stepdefinitions.TestMasGlobalStepDefinition","methodName":"iTypeIntoTheSearchField","fileName":"TestMasGlobalStepDefinition.java","lineNumber":41},{"declaringClass":"cucumber.runner.Runner","methodName":"runPickle","fileName":"Runner.java","lineNumber":80}]}}},"result":"FAILURE","precondition":false}]},{"number":22,"description":"And I click the Target Search button","duration":0,"startTime":"2022-06-28T22:59:47.756-05:00[America/Bogota]","result":"PENDING","precondition":false},{"number":23,"description":"Then I go to the search results page","duration":1,"startTime":"2022-06-28T22:59:47.756-05:00[America/Bogota]","result":"IGNORED","precondition":false},{"number":24,"description":"Then the watch result","duration":0,"startTime":"2022-06-28T22:59:47.757-05:00[America/Bogota]","result":"PENDING","precondition":false},{"number":25,"description":"User can search with “Target” #4: {product\u003dphone}","duration":7674,"startTime":"2022-06-28T22:59:48.373-05:00[America/Bogota]","exception":{"errorType":"net.thucydides.core.webdriver.exceptions.ElementShouldBeEnabledException","message":"Expected enabled element was not enabled","stackTrace":[{"declaringClass":"testmasglobal.certification.tasks.GoTo","methodName":"performAs","fileName":"GoTo.java","lineNumber":20},{"declaringClass":"testmasglobal.certification.stepdefinitions.TestMasGlobalStepDefinition","methodName":"iTypeIntoTheSearchField","fileName":"TestMasGlobalStepDefinition.java","lineNumber":41},{"declaringClass":"cucumber.runner.Runner","methodName":"runPickle","fileName":"Runner.java","lineNumber":80}],"rootCause":{"errorType":"org.openqa.selenium.TimeoutException","message":"Expected condition failed: waiting for By.xpath: //input[@id\u003d\u0027search\u0027] to be enabled (tried for 5 second(s) with 100 milliseconds interval)","stackTrace":[{"declaringClass":"testmasglobal.certification.tasks.GoTo","methodName":"performAs","fileName":"GoTo.java","lineNumber":20},{"declaringClass":"testmasglobal.certification.stepdefinitions.TestMasGlobalStepDefinition","methodName":"iTypeIntoTheSearchField","fileName":"TestMasGlobalStepDefinition.java","lineNumber":41},{"declaringClass":"cucumber.runner.Runner","methodName":"runPickle","fileName":"Runner.java","lineNumber":80}],"rootCause":{"errorType":"org.openqa.selenium.NoSuchElementException","message":"no such element: Unable to locate element: {\"method\":\"xpath\",\"selector\":\"//input[@id\u003d\u0027search\u0027]\"}\n  (Session info: chrome\u003d102.0.5005.115)\nFor documentation on this error, please visit: http://seleniumhq.org/exceptions/no_such_element.html\nBuild info: version: \u00273.11.0\u0027, revision: \u0027e59cfb3\u0027, time: \u00272018-03-11T20:26:55.152Z\u0027\nSystem info: host: \u0027DESKTOP-4V6O9H3\u0027, ip: \u0027192.168.1.8\u0027, os.name: \u0027Windows 10\u0027, os.arch: \u0027amd64\u0027, os.version: \u002710.0\u0027, java.version: \u00271.8.0_311\u0027\nDriver info: org.openqa.selenium.chrome.ChromeDriver\nCapabilities {acceptInsecureCerts: false, browserName: chrome, browserVersion: 102.0.5005.115, chrome: {chromedriverVersion: 102.0.5005.61 (0e59bcc00cc4..., userDataDir: C:\\Users\\GUERRA\\AppData\\Loc...}, goog:chromeOptions: {debuggerAddress: localhost:50359}, javascriptEnabled: true, networkConnectionEnabled: false, pageLoadStrategy: normal, platform: WINDOWS, platformName: WINDOWS, proxy: Proxy(), setWindowRect: true, strictFileInteractability: false, timeouts: {implicit: 0, pageLoad: 300000, script: 30000}, unhandledPromptBehavior: dismiss and notify, webauthn:extension:credBlob: true, webauthn:extension:largeBlob: true, webauthn:virtualAuthenticators: true}\nSession ID: a29500d2a19b1c7a0143b5bbf57dc5f7\n*** Element info: {Using\u003dxpath, value\u003d//input[@id\u003d\u0027search\u0027]}","stackTrace":[{"declaringClass":"testmasglobal.certification.tasks.GoTo","methodName":"performAs","fileName":"GoTo.java","lineNumber":20},{"declaringClass":"testmasglobal.certification.stepdefinitions.TestMasGlobalStepDefinition","methodName":"iTypeIntoTheSearchField","fileName":"TestMasGlobalStepDefinition.java","lineNumber":41},{"declaringClass":"cucumber.runner.Runner","methodName":"runPickle","fileName":"Runner.java","lineNumber":80}]}}},"result":"FAILURE","precondition":false,"children":[{"number":26,"description":"Given I’m on the homepage","duration":1958,"startTime":"2022-06-28T22:59:48.374-05:00[America/Bogota]","screenshots":[{"screenshot":"14f104975127c9d16b65ef59f608412a06b743d06441d23a6628029303f89461.png"}],"result":"SUCCESS","precondition":false},{"number":27,"description":"When I type phone into the search field","duration":5712,"startTime":"2022-06-28T22:59:50.332-05:00[America/Bogota]","screenshots":[{"screenshot":"fb32a928c8141bb2634d919c3f1fc6d9529ab718371cfdad24e74d8f0c5210c7.png"}],"exception":{"errorType":"net.thucydides.core.webdriver.exceptions.ElementShouldBeEnabledException","message":"Expected enabled element was not enabled","stackTrace":[{"declaringClass":"testmasglobal.certification.tasks.GoTo","methodName":"performAs","fileName":"GoTo.java","lineNumber":20},{"declaringClass":"testmasglobal.certification.stepdefinitions.TestMasGlobalStepDefinition","methodName":"iTypeIntoTheSearchField","fileName":"TestMasGlobalStepDefinition.java","lineNumber":41},{"declaringClass":"cucumber.runner.Runner","methodName":"runPickle","fileName":"Runner.java","lineNumber":80}],"rootCause":{"errorType":"org.openqa.selenium.TimeoutException","message":"Expected condition failed: waiting for By.xpath: //input[@id\u003d\u0027search\u0027] to be enabled (tried for 5 second(s) with 100 milliseconds interval)","stackTrace":[{"declaringClass":"testmasglobal.certification.tasks.GoTo","methodName":"performAs","fileName":"GoTo.java","lineNumber":20},{"declaringClass":"testmasglobal.certification.stepdefinitions.TestMasGlobalStepDefinition","methodName":"iTypeIntoTheSearchField","fileName":"TestMasGlobalStepDefinition.java","lineNumber":41},{"declaringClass":"cucumber.runner.Runner","methodName":"runPickle","fileName":"Runner.java","lineNumber":80}],"rootCause":{"errorType":"org.openqa.selenium.NoSuchElementException","message":"no such element: Unable to locate element: {\"method\":\"xpath\",\"selector\":\"//input[@id\u003d\u0027search\u0027]\"}\n  (Session info: chrome\u003d102.0.5005.115)\nFor documentation on this error, please visit: http://seleniumhq.org/exceptions/no_such_element.html\nBuild info: version: \u00273.11.0\u0027, revision: \u0027e59cfb3\u0027, time: \u00272018-03-11T20:26:55.152Z\u0027\nSystem info: host: \u0027DESKTOP-4V6O9H3\u0027, ip: \u0027192.168.1.8\u0027, os.name: \u0027Windows 10\u0027, os.arch: \u0027amd64\u0027, os.version: \u002710.0\u0027, java.version: \u00271.8.0_311\u0027\nDriver info: org.openqa.selenium.chrome.ChromeDriver\nCapabilities {acceptInsecureCerts: false, browserName: chrome, browserVersion: 102.0.5005.115, chrome: {chromedriverVersion: 102.0.5005.61 (0e59bcc00cc4..., userDataDir: C:\\Users\\GUERRA\\AppData\\Loc...}, goog:chromeOptions: {debuggerAddress: localhost:50359}, javascriptEnabled: true, networkConnectionEnabled: false, pageLoadStrategy: normal, platform: WINDOWS, platformName: WINDOWS, proxy: Proxy(), setWindowRect: true, strictFileInteractability: false, timeouts: {implicit: 0, pageLoad: 300000, script: 30000}, unhandledPromptBehavior: dismiss and notify, webauthn:extension:credBlob: true, webauthn:extension:largeBlob: true, webauthn:virtualAuthenticators: true}\nSession ID: a29500d2a19b1c7a0143b5bbf57dc5f7\n*** Element info: {Using\u003dxpath, value\u003d//input[@id\u003d\u0027search\u0027]}","stackTrace":[{"declaringClass":"testmasglobal.certification.tasks.GoTo","methodName":"performAs","fileName":"GoTo.java","lineNumber":20},{"declaringClass":"testmasglobal.certification.stepdefinitions.TestMasGlobalStepDefinition","methodName":"iTypeIntoTheSearchField","fileName":"TestMasGlobalStepDefinition.java","lineNumber":41},{"declaringClass":"cucumber.runner.Runner","methodName":"runPickle","fileName":"Runner.java","lineNumber":80}]}}},"result":"FAILURE","precondition":false,"children":[{"number":28,"description":"Cristian enters \u0027phone\u0027 into textbox search","duration":5508,"startTime":"2022-06-28T22:59:50.535-05:00[America/Bogota]","screenshots":[{"screenshot":"fb32a928c8141bb2634d919c3f1fc6d9529ab718371cfdad24e74d8f0c5210c7.png"},{"screenshot":"fb32a928c8141bb2634d919c3f1fc6d9529ab718371cfdad24e74d8f0c5210c7.png","htmlSource":"pagesource2038477071321389070.html.txt"}],"exception":{"errorType":"net.thucydides.core.webdriver.exceptions.ElementShouldBeEnabledException","message":"Expected enabled element was not enabled","stackTrace":[{"declaringClass":"testmasglobal.certification.tasks.GoTo","methodName":"performAs","fileName":"GoTo.java","lineNumber":20},{"declaringClass":"testmasglobal.certification.stepdefinitions.TestMasGlobalStepDefinition","methodName":"iTypeIntoTheSearchField","fileName":"TestMasGlobalStepDefinition.java","lineNumber":41},{"declaringClass":"cucumber.runner.Runner","methodName":"runPickle","fileName":"Runner.java","lineNumber":80}],"rootCause":{"errorType":"org.openqa.selenium.TimeoutException","message":"Expected condition failed: waiting for By.xpath: //input[@id\u003d\u0027search\u0027] to be enabled (tried for 5 second(s) with 100 milliseconds interval)","stackTrace":[{"declaringClass":"testmasglobal.certification.tasks.GoTo","methodName":"performAs","fileName":"GoTo.java","lineNumber":20},{"declaringClass":"testmasglobal.certification.stepdefinitions.TestMasGlobalStepDefinition","methodName":"iTypeIntoTheSearchField","fileName":"TestMasGlobalStepDefinition.java","lineNumber":41},{"declaringClass":"cucumber.runner.Runner","methodName":"runPickle","fileName":"Runner.java","lineNumber":80}],"rootCause":{"errorType":"org.openqa.selenium.NoSuchElementException","message":"no such element: Unable to locate element: {\"method\":\"xpath\",\"selector\":\"//input[@id\u003d\u0027search\u0027]\"}\n  (Session info: chrome\u003d102.0.5005.115)\nFor documentation on this error, please visit: http://seleniumhq.org/exceptions/no_such_element.html\nBuild info: version: \u00273.11.0\u0027, revision: \u0027e59cfb3\u0027, time: \u00272018-03-11T20:26:55.152Z\u0027\nSystem info: host: \u0027DESKTOP-4V6O9H3\u0027, ip: \u0027192.168.1.8\u0027, os.name: \u0027Windows 10\u0027, os.arch: \u0027amd64\u0027, os.version: \u002710.0\u0027, java.version: \u00271.8.0_311\u0027\nDriver info: org.openqa.selenium.chrome.ChromeDriver\nCapabilities {acceptInsecureCerts: false, browserName: chrome, browserVersion: 102.0.5005.115, chrome: {chromedriverVersion: 102.0.5005.61 (0e59bcc00cc4..., userDataDir: C:\\Users\\GUERRA\\AppData\\Loc...}, goog:chromeOptions: {debuggerAddress: localhost:50359}, javascriptEnabled: true, networkConnectionEnabled: false, pageLoadStrategy: normal, platform: WINDOWS, platformName: WINDOWS, proxy: Proxy(), setWindowRect: true, strictFileInteractability: false, timeouts: {implicit: 0, pageLoad: 300000, script: 30000}, unhandledPromptBehavior: dismiss and notify, webauthn:extension:credBlob: true, webauthn:extension:largeBlob: true, webauthn:virtualAuthenticators: true}\nSession ID: a29500d2a19b1c7a0143b5bbf57dc5f7\n*** Element info: {Using\u003dxpath, value\u003d//input[@id\u003d\u0027search\u0027]}","stackTrace":[{"declaringClass":"testmasglobal.certification.tasks.GoTo","methodName":"performAs","fileName":"GoTo.java","lineNumber":20},{"declaringClass":"testmasglobal.certification.stepdefinitions.TestMasGlobalStepDefinition","methodName":"iTypeIntoTheSearchField","fileName":"TestMasGlobalStepDefinition.java","lineNumber":41},{"declaringClass":"cucumber.runner.Runner","methodName":"runPickle","fileName":"Runner.java","lineNumber":80}]}}},"result":"FAILURE","precondition":false}]},{"number":29,"description":"Perform as: Cristian","duration":1,"startTime":"2022-06-28T22:59:56.045-05:00[America/Bogota]","exception":{"errorType":"net.thucydides.core.webdriver.exceptions.ElementShouldBeEnabledException","message":"Expected enabled element was not enabled","stackTrace":[{"declaringClass":"testmasglobal.certification.tasks.GoTo","methodName":"performAs","fileName":"GoTo.java","lineNumber":20},{"declaringClass":"testmasglobal.certification.stepdefinitions.TestMasGlobalStepDefinition","methodName":"iTypeIntoTheSearchField","fileName":"TestMasGlobalStepDefinition.java","lineNumber":41},{"declaringClass":"cucumber.runner.Runner","methodName":"runPickle","fileName":"Runner.java","lineNumber":80}],"rootCause":{"errorType":"org.openqa.selenium.TimeoutException","message":"Expected condition failed: waiting for By.xpath: //input[@id\u003d\u0027search\u0027] to be enabled (tried for 5 second(s) with 100 milliseconds interval)","stackTrace":[{"declaringClass":"testmasglobal.certification.tasks.GoTo","methodName":"performAs","fileName":"GoTo.java","lineNumber":20},{"declaringClass":"testmasglobal.certification.stepdefinitions.TestMasGlobalStepDefinition","methodName":"iTypeIntoTheSearchField","fileName":"TestMasGlobalStepDefinition.java","lineNumber":41},{"declaringClass":"cucumber.runner.Runner","methodName":"runPickle","fileName":"Runner.java","lineNumber":80}],"rootCause":{"errorType":"org.openqa.selenium.NoSuchElementException","message":"no such element: Unable to locate element: {\"method\":\"xpath\",\"selector\":\"//input[@id\u003d\u0027search\u0027]\"}\n  (Session info: chrome\u003d102.0.5005.115)\nFor documentation on this error, please visit: http://seleniumhq.org/exceptions/no_such_element.html\nBuild info: version: \u00273.11.0\u0027, revision: \u0027e59cfb3\u0027, time: \u00272018-03-11T20:26:55.152Z\u0027\nSystem info: host: \u0027DESKTOP-4V6O9H3\u0027, ip: \u0027192.168.1.8\u0027, os.name: \u0027Windows 10\u0027, os.arch: \u0027amd64\u0027, os.version: \u002710.0\u0027, java.version: \u00271.8.0_311\u0027\nDriver info: org.openqa.selenium.chrome.ChromeDriver\nCapabilities {acceptInsecureCerts: false, browserName: chrome, browserVersion: 102.0.5005.115, chrome: {chromedriverVersion: 102.0.5005.61 (0e59bcc00cc4..., userDataDir: C:\\Users\\GUERRA\\AppData\\Loc...}, goog:chromeOptions: {debuggerAddress: localhost:50359}, javascriptEnabled: true, networkConnectionEnabled: false, pageLoadStrategy: normal, platform: WINDOWS, platformName: WINDOWS, proxy: Proxy(), setWindowRect: true, strictFileInteractability: false, timeouts: {implicit: 0, pageLoad: 300000, script: 30000}, unhandledPromptBehavior: dismiss and notify, webauthn:extension:credBlob: true, webauthn:extension:largeBlob: true, webauthn:virtualAuthenticators: true}\nSession ID: a29500d2a19b1c7a0143b5bbf57dc5f7\n*** Element info: {Using\u003dxpath, value\u003d//input[@id\u003d\u0027search\u0027]}","stackTrace":[{"declaringClass":"testmasglobal.certification.tasks.GoTo","methodName":"performAs","fileName":"GoTo.java","lineNumber":20},{"declaringClass":"testmasglobal.certification.stepdefinitions.TestMasGlobalStepDefinition","methodName":"iTypeIntoTheSearchField","fileName":"TestMasGlobalStepDefinition.java","lineNumber":41},{"declaringClass":"cucumber.runner.Runner","methodName":"runPickle","fileName":"Runner.java","lineNumber":80}]}}},"result":"FAILURE","precondition":false}]},{"number":30,"description":"And I click the Target Search button","duration":1,"startTime":"2022-06-28T22:59:56.047-05:00[America/Bogota]","result":"PENDING","precondition":false},{"number":31,"description":"Then I go to the search results page","duration":1,"startTime":"2022-06-28T22:59:56.048-05:00[America/Bogota]","result":"IGNORED","precondition":false},{"number":32,"description":"Then the watch result","duration":0,"startTime":"2022-06-28T22:59:56.049-05:00[America/Bogota]","result":"PENDING","precondition":false},{"number":33,"description":"User can search with “Target” #5: {product\u003dapple}","duration":7757,"startTime":"2022-06-28T22:59:56.644-05:00[America/Bogota]","exception":{"errorType":"net.thucydides.core.webdriver.exceptions.ElementShouldBeEnabledException","message":"Expected enabled element was not enabled","stackTrace":[{"declaringClass":"testmasglobal.certification.tasks.GoTo","methodName":"performAs","fileName":"GoTo.java","lineNumber":20},{"declaringClass":"testmasglobal.certification.stepdefinitions.TestMasGlobalStepDefinition","methodName":"iTypeIntoTheSearchField","fileName":"TestMasGlobalStepDefinition.java","lineNumber":41},{"declaringClass":"cucumber.runner.Runner","methodName":"runPickle","fileName":"Runner.java","lineNumber":80}],"rootCause":{"errorType":"org.openqa.selenium.TimeoutException","message":"Expected condition failed: waiting for By.xpath: //input[@id\u003d\u0027search\u0027] to be enabled (tried for 5 second(s) with 100 milliseconds interval)","stackTrace":[{"declaringClass":"testmasglobal.certification.tasks.GoTo","methodName":"performAs","fileName":"GoTo.java","lineNumber":20},{"declaringClass":"testmasglobal.certification.stepdefinitions.TestMasGlobalStepDefinition","methodName":"iTypeIntoTheSearchField","fileName":"TestMasGlobalStepDefinition.java","lineNumber":41},{"declaringClass":"cucumber.runner.Runner","methodName":"runPickle","fileName":"Runner.java","lineNumber":80}],"rootCause":{"errorType":"org.openqa.selenium.NoSuchElementException","message":"no such element: Unable to locate element: {\"method\":\"xpath\",\"selector\":\"//input[@id\u003d\u0027search\u0027]\"}\n  (Session info: chrome\u003d102.0.5005.115)\nFor documentation on this error, please visit: http://seleniumhq.org/exceptions/no_such_element.html\nBuild info: version: \u00273.11.0\u0027, revision: \u0027e59cfb3\u0027, time: \u00272018-03-11T20:26:55.152Z\u0027\nSystem info: host: \u0027DESKTOP-4V6O9H3\u0027, ip: \u0027192.168.1.8\u0027, os.name: \u0027Windows 10\u0027, os.arch: \u0027amd64\u0027, os.version: \u002710.0\u0027, java.version: \u00271.8.0_311\u0027\nDriver info: org.openqa.selenium.chrome.ChromeDriver\nCapabilities {acceptInsecureCerts: false, browserName: chrome, browserVersion: 102.0.5005.115, chrome: {chromedriverVersion: 102.0.5005.61 (0e59bcc00cc4..., userDataDir: C:\\Users\\GUERRA\\AppData\\Loc...}, goog:chromeOptions: {debuggerAddress: localhost:50383}, javascriptEnabled: true, networkConnectionEnabled: false, pageLoadStrategy: normal, platform: WINDOWS, platformName: WINDOWS, proxy: Proxy(), setWindowRect: true, strictFileInteractability: false, timeouts: {implicit: 0, pageLoad: 300000, script: 30000}, unhandledPromptBehavior: dismiss and notify, webauthn:extension:credBlob: true, webauthn:extension:largeBlob: true, webauthn:virtualAuthenticators: true}\nSession ID: e312ff17d3be6d798105a8c2c1e60021\n*** Element info: {Using\u003dxpath, value\u003d//input[@id\u003d\u0027search\u0027]}","stackTrace":[{"declaringClass":"testmasglobal.certification.tasks.GoTo","methodName":"performAs","fileName":"GoTo.java","lineNumber":20},{"declaringClass":"testmasglobal.certification.stepdefinitions.TestMasGlobalStepDefinition","methodName":"iTypeIntoTheSearchField","fileName":"TestMasGlobalStepDefinition.java","lineNumber":41},{"declaringClass":"cucumber.runner.Runner","methodName":"runPickle","fileName":"Runner.java","lineNumber":80}]}}},"result":"FAILURE","precondition":false,"children":[{"number":34,"description":"Given I’m on the homepage","duration":2019,"startTime":"2022-06-28T22:59:56.645-05:00[America/Bogota]","screenshots":[{"screenshot":"14f104975127c9d16b65ef59f608412a06b743d06441d23a6628029303f89461.png"}],"result":"SUCCESS","precondition":false},{"number":35,"description":"When I type apple into the search field","duration":5734,"startTime":"2022-06-28T22:59:58.665-05:00[America/Bogota]","screenshots":[{"screenshot":"fb32a928c8141bb2634d919c3f1fc6d9529ab718371cfdad24e74d8f0c5210c7.png"}],"exception":{"errorType":"net.thucydides.core.webdriver.exceptions.ElementShouldBeEnabledException","message":"Expected enabled element was not enabled","stackTrace":[{"declaringClass":"testmasglobal.certification.tasks.GoTo","methodName":"performAs","fileName":"GoTo.java","lineNumber":20},{"declaringClass":"testmasglobal.certification.stepdefinitions.TestMasGlobalStepDefinition","methodName":"iTypeIntoTheSearchField","fileName":"TestMasGlobalStepDefinition.java","lineNumber":41},{"declaringClass":"cucumber.runner.Runner","methodName":"runPickle","fileName":"Runner.java","lineNumber":80}],"rootCause":{"errorType":"org.openqa.selenium.TimeoutException","message":"Expected condition failed: waiting for By.xpath: //input[@id\u003d\u0027search\u0027] to be enabled (tried for 5 second(s) with 100 milliseconds interval)","stackTrace":[{"declaringClass":"testmasglobal.certification.tasks.GoTo","methodName":"performAs","fileName":"GoTo.java","lineNumber":20},{"declaringClass":"testmasglobal.certification.stepdefinitions.TestMasGlobalStepDefinition","methodName":"iTypeIntoTheSearchField","fileName":"TestMasGlobalStepDefinition.java","lineNumber":41},{"declaringClass":"cucumber.runner.Runner","methodName":"runPickle","fileName":"Runner.java","lineNumber":80}],"rootCause":{"errorType":"org.openqa.selenium.NoSuchElementException","message":"no such element: Unable to locate element: {\"method\":\"xpath\",\"selector\":\"//input[@id\u003d\u0027search\u0027]\"}\n  (Session info: chrome\u003d102.0.5005.115)\nFor documentation on this error, please visit: http://seleniumhq.org/exceptions/no_such_element.html\nBuild info: version: \u00273.11.0\u0027, revision: \u0027e59cfb3\u0027, time: \u00272018-03-11T20:26:55.152Z\u0027\nSystem info: host: \u0027DESKTOP-4V6O9H3\u0027, ip: \u0027192.168.1.8\u0027, os.name: \u0027Windows 10\u0027, os.arch: \u0027amd64\u0027, os.version: \u002710.0\u0027, java.version: \u00271.8.0_311\u0027\nDriver info: org.openqa.selenium.chrome.ChromeDriver\nCapabilities {acceptInsecureCerts: false, browserName: chrome, browserVersion: 102.0.5005.115, chrome: {chromedriverVersion: 102.0.5005.61 (0e59bcc00cc4..., userDataDir: C:\\Users\\GUERRA\\AppData\\Loc...}, goog:chromeOptions: {debuggerAddress: localhost:50383}, javascriptEnabled: true, networkConnectionEnabled: false, pageLoadStrategy: normal, platform: WINDOWS, platformName: WINDOWS, proxy: Proxy(), setWindowRect: true, strictFileInteractability: false, timeouts: {implicit: 0, pageLoad: 300000, script: 30000}, unhandledPromptBehavior: dismiss and notify, webauthn:extension:credBlob: true, webauthn:extension:largeBlob: true, webauthn:virtualAuthenticators: true}\nSession ID: e312ff17d3be6d798105a8c2c1e60021\n*** Element info: {Using\u003dxpath, value\u003d//input[@id\u003d\u0027search\u0027]}","stackTrace":[{"declaringClass":"testmasglobal.certification.tasks.GoTo","methodName":"performAs","fileName":"GoTo.java","lineNumber":20},{"declaringClass":"testmasglobal.certification.stepdefinitions.TestMasGlobalStepDefinition","methodName":"iTypeIntoTheSearchField","fileName":"TestMasGlobalStepDefinition.java","lineNumber":41},{"declaringClass":"cucumber.runner.Runner","methodName":"runPickle","fileName":"Runner.java","lineNumber":80}]}}},"result":"FAILURE","precondition":false,"children":[{"number":36,"description":"Cristian enters \u0027apple\u0027 into textbox search","duration":5523,"startTime":"2022-06-28T22:59:58.875-05:00[America/Bogota]","screenshots":[{"screenshot":"fb32a928c8141bb2634d919c3f1fc6d9529ab718371cfdad24e74d8f0c5210c7.png"},{"screenshot":"fb32a928c8141bb2634d919c3f1fc6d9529ab718371cfdad24e74d8f0c5210c7.png","htmlSource":"pagesource2784893213552223806.html.txt"}],"exception":{"errorType":"net.thucydides.core.webdriver.exceptions.ElementShouldBeEnabledException","message":"Expected enabled element was not enabled","stackTrace":[{"declaringClass":"testmasglobal.certification.tasks.GoTo","methodName":"performAs","fileName":"GoTo.java","lineNumber":20},{"declaringClass":"testmasglobal.certification.stepdefinitions.TestMasGlobalStepDefinition","methodName":"iTypeIntoTheSearchField","fileName":"TestMasGlobalStepDefinition.java","lineNumber":41},{"declaringClass":"cucumber.runner.Runner","methodName":"runPickle","fileName":"Runner.java","lineNumber":80}],"rootCause":{"errorType":"org.openqa.selenium.TimeoutException","message":"Expected condition failed: waiting for By.xpath: //input[@id\u003d\u0027search\u0027] to be enabled (tried for 5 second(s) with 100 milliseconds interval)","stackTrace":[{"declaringClass":"testmasglobal.certification.tasks.GoTo","methodName":"performAs","fileName":"GoTo.java","lineNumber":20},{"declaringClass":"testmasglobal.certification.stepdefinitions.TestMasGlobalStepDefinition","methodName":"iTypeIntoTheSearchField","fileName":"TestMasGlobalStepDefinition.java","lineNumber":41},{"declaringClass":"cucumber.runner.Runner","methodName":"runPickle","fileName":"Runner.java","lineNumber":80}],"rootCause":{"errorType":"org.openqa.selenium.NoSuchElementException","message":"no such element: Unable to locate element: {\"method\":\"xpath\",\"selector\":\"//input[@id\u003d\u0027search\u0027]\"}\n  (Session info: chrome\u003d102.0.5005.115)\nFor documentation on this error, please visit: http://seleniumhq.org/exceptions/no_such_element.html\nBuild info: version: \u00273.11.0\u0027, revision: \u0027e59cfb3\u0027, time: \u00272018-03-11T20:26:55.152Z\u0027\nSystem info: host: \u0027DESKTOP-4V6O9H3\u0027, ip: \u0027192.168.1.8\u0027, os.name: \u0027Windows 10\u0027, os.arch: \u0027amd64\u0027, os.version: \u002710.0\u0027, java.version: \u00271.8.0_311\u0027\nDriver info: org.openqa.selenium.chrome.ChromeDriver\nCapabilities {acceptInsecureCerts: false, browserName: chrome, browserVersion: 102.0.5005.115, chrome: {chromedriverVersion: 102.0.5005.61 (0e59bcc00cc4..., userDataDir: C:\\Users\\GUERRA\\AppData\\Loc...}, goog:chromeOptions: {debuggerAddress: localhost:50383}, javascriptEnabled: true, networkConnectionEnabled: false, pageLoadStrategy: normal, platform: WINDOWS, platformName: WINDOWS, proxy: Proxy(), setWindowRect: true, strictFileInteractability: false, timeouts: {implicit: 0, pageLoad: 300000, script: 30000}, unhandledPromptBehavior: dismiss and notify, webauthn:extension:credBlob: true, webauthn:extension:largeBlob: true, webauthn:virtualAuthenticators: true}\nSession ID: e312ff17d3be6d798105a8c2c1e60021\n*** Element info: {Using\u003dxpath, value\u003d//input[@id\u003d\u0027search\u0027]}","stackTrace":[{"declaringClass":"testmasglobal.certification.tasks.GoTo","methodName":"performAs","fileName":"GoTo.java","lineNumber":20},{"declaringClass":"testmasglobal.certification.stepdefinitions.TestMasGlobalStepDefinition","methodName":"iTypeIntoTheSearchField","fileName":"TestMasGlobalStepDefinition.java","lineNumber":41},{"declaringClass":"cucumber.runner.Runner","methodName":"runPickle","fileName":"Runner.java","lineNumber":80}]}}},"result":"FAILURE","precondition":false}]},{"number":37,"description":"Perform as: Cristian","duration":1,"startTime":"2022-06-28T23:00:04.399-05:00[America/Bogota]","exception":{"errorType":"net.thucydides.core.webdriver.exceptions.ElementShouldBeEnabledException","message":"Expected enabled element was not enabled","stackTrace":[{"declaringClass":"testmasglobal.certification.tasks.GoTo","methodName":"performAs","fileName":"GoTo.java","lineNumber":20},{"declaringClass":"testmasglobal.certification.stepdefinitions.TestMasGlobalStepDefinition","methodName":"iTypeIntoTheSearchField","fileName":"TestMasGlobalStepDefinition.java","lineNumber":41},{"declaringClass":"cucumber.runner.Runner","methodName":"runPickle","fileName":"Runner.java","lineNumber":80}],"rootCause":{"errorType":"org.openqa.selenium.TimeoutException","message":"Expected condition failed: waiting for By.xpath: //input[@id\u003d\u0027search\u0027] to be enabled (tried for 5 second(s) with 100 milliseconds interval)","stackTrace":[{"declaringClass":"testmasglobal.certification.tasks.GoTo","methodName":"performAs","fileName":"GoTo.java","lineNumber":20},{"declaringClass":"testmasglobal.certification.stepdefinitions.TestMasGlobalStepDefinition","methodName":"iTypeIntoTheSearchField","fileName":"TestMasGlobalStepDefinition.java","lineNumber":41},{"declaringClass":"cucumber.runner.Runner","methodName":"runPickle","fileName":"Runner.java","lineNumber":80}],"rootCause":{"errorType":"org.openqa.selenium.NoSuchElementException","message":"no such element: Unable to locate element: {\"method\":\"xpath\",\"selector\":\"//input[@id\u003d\u0027search\u0027]\"}\n  (Session info: chrome\u003d102.0.5005.115)\nFor documentation on this error, please visit: http://seleniumhq.org/exceptions/no_such_element.html\nBuild info: version: \u00273.11.0\u0027, revision: \u0027e59cfb3\u0027, time: \u00272018-03-11T20:26:55.152Z\u0027\nSystem info: host: \u0027DESKTOP-4V6O9H3\u0027, ip: \u0027192.168.1.8\u0027, os.name: \u0027Windows 10\u0027, os.arch: \u0027amd64\u0027, os.version: \u002710.0\u0027, java.version: \u00271.8.0_311\u0027\nDriver info: org.openqa.selenium.chrome.ChromeDriver\nCapabilities {acceptInsecureCerts: false, browserName: chrome, browserVersion: 102.0.5005.115, chrome: {chromedriverVersion: 102.0.5005.61 (0e59bcc00cc4..., userDataDir: C:\\Users\\GUERRA\\AppData\\Loc...}, goog:chromeOptions: {debuggerAddress: localhost:50383}, javascriptEnabled: true, networkConnectionEnabled: false, pageLoadStrategy: normal, platform: WINDOWS, platformName: WINDOWS, proxy: Proxy(), setWindowRect: true, strictFileInteractability: false, timeouts: {implicit: 0, pageLoad: 300000, script: 30000}, unhandledPromptBehavior: dismiss and notify, webauthn:extension:credBlob: true, webauthn:extension:largeBlob: true, webauthn:virtualAuthenticators: true}\nSession ID: e312ff17d3be6d798105a8c2c1e60021\n*** Element info: {Using\u003dxpath, value\u003d//input[@id\u003d\u0027search\u0027]}","stackTrace":[{"declaringClass":"testmasglobal.certification.tasks.GoTo","methodName":"performAs","fileName":"GoTo.java","lineNumber":20},{"declaringClass":"testmasglobal.certification.stepdefinitions.TestMasGlobalStepDefinition","methodName":"iTypeIntoTheSearchField","fileName":"TestMasGlobalStepDefinition.java","lineNumber":41},{"declaringClass":"cucumber.runner.Runner","methodName":"runPickle","fileName":"Runner.java","lineNumber":80}]}}},"result":"FAILURE","precondition":false}]},{"number":38,"description":"And I click the Target Search button","duration":0,"startTime":"2022-06-28T23:00:04.402-05:00[America/Bogota]","result":"PENDING","precondition":false},{"number":39,"description":"Then I go to the search results page","duration":0,"startTime":"2022-06-28T23:00:04.402-05:00[America/Bogota]","result":"IGNORED","precondition":false},{"number":40,"description":"Then the watch result","duration":1,"startTime":"2022-06-28T23:00:04.402-05:00[America/Bogota]","result":"PENDING","precondition":false},{"number":41,"description":"User can search with “Target” #6: {product\u003dsmart watch}","duration":7742,"startTime":"2022-06-28T23:00:05.012-05:00[America/Bogota]","exception":{"errorType":"net.thucydides.core.webdriver.exceptions.ElementShouldBeEnabledException","message":"Expected enabled element was not enabled","stackTrace":[{"declaringClass":"testmasglobal.certification.tasks.GoTo","methodName":"performAs","fileName":"GoTo.java","lineNumber":20},{"declaringClass":"testmasglobal.certification.stepdefinitions.TestMasGlobalStepDefinition","methodName":"iTypeIntoTheSearchField","fileName":"TestMasGlobalStepDefinition.java","lineNumber":41},{"declaringClass":"cucumber.runner.Runner","methodName":"runPickle","fileName":"Runner.java","lineNumber":80}],"rootCause":{"errorType":"org.openqa.selenium.TimeoutException","message":"Expected condition failed: waiting for By.xpath: //input[@id\u003d\u0027search\u0027] to be enabled (tried for 5 second(s) with 100 milliseconds interval)","stackTrace":[{"declaringClass":"testmasglobal.certification.tasks.GoTo","methodName":"performAs","fileName":"GoTo.java","lineNumber":20},{"declaringClass":"testmasglobal.certification.stepdefinitions.TestMasGlobalStepDefinition","methodName":"iTypeIntoTheSearchField","fileName":"TestMasGlobalStepDefinition.java","lineNumber":41},{"declaringClass":"cucumber.runner.Runner","methodName":"runPickle","fileName":"Runner.java","lineNumber":80}],"rootCause":{"errorType":"org.openqa.selenium.NoSuchElementException","message":"no such element: Unable to locate element: {\"method\":\"xpath\",\"selector\":\"//input[@id\u003d\u0027search\u0027]\"}\n  (Session info: chrome\u003d102.0.5005.115)\nFor documentation on this error, please visit: http://seleniumhq.org/exceptions/no_such_element.html\nBuild info: version: \u00273.11.0\u0027, revision: \u0027e59cfb3\u0027, time: \u00272018-03-11T20:26:55.152Z\u0027\nSystem info: host: \u0027DESKTOP-4V6O9H3\u0027, ip: \u0027192.168.1.8\u0027, os.name: \u0027Windows 10\u0027, os.arch: \u0027amd64\u0027, os.version: \u002710.0\u0027, java.version: \u00271.8.0_311\u0027\nDriver info: org.openqa.selenium.chrome.ChromeDriver\nCapabilities {acceptInsecureCerts: false, browserName: chrome, browserVersion: 102.0.5005.115, chrome: {chromedriverVersion: 102.0.5005.61 (0e59bcc00cc4..., userDataDir: C:\\Users\\GUERRA\\AppData\\Loc...}, goog:chromeOptions: {debuggerAddress: localhost:50407}, javascriptEnabled: true, networkConnectionEnabled: false, pageLoadStrategy: normal, platform: WINDOWS, platformName: WINDOWS, proxy: Proxy(), setWindowRect: true, strictFileInteractability: false, timeouts: {implicit: 0, pageLoad: 300000, script: 30000}, unhandledPromptBehavior: dismiss and notify, webauthn:extension:credBlob: true, webauthn:extension:largeBlob: true, webauthn:virtualAuthenticators: true}\nSession ID: 6a00a113543625cf9310e3325d30a46e\n*** Element info: {Using\u003dxpath, value\u003d//input[@id\u003d\u0027search\u0027]}","stackTrace":[{"declaringClass":"testmasglobal.certification.tasks.GoTo","methodName":"performAs","fileName":"GoTo.java","lineNumber":20},{"declaringClass":"testmasglobal.certification.stepdefinitions.TestMasGlobalStepDefinition","methodName":"iTypeIntoTheSearchField","fileName":"TestMasGlobalStepDefinition.java","lineNumber":41},{"declaringClass":"cucumber.runner.Runner","methodName":"runPickle","fileName":"Runner.java","lineNumber":80}]}}},"result":"FAILURE","precondition":false,"children":[{"number":42,"description":"Given I’m on the homepage","duration":1980,"startTime":"2022-06-28T23:00:05.014-05:00[America/Bogota]","screenshots":[{"screenshot":"14f104975127c9d16b65ef59f608412a06b743d06441d23a6628029303f89461.png"}],"result":"SUCCESS","precondition":false},{"number":43,"description":"When I type smart watch into the search field","duration":5757,"startTime":"2022-06-28T23:00:06.994-05:00[America/Bogota]","screenshots":[{"screenshot":"fb32a928c8141bb2634d919c3f1fc6d9529ab718371cfdad24e74d8f0c5210c7.png"}],"exception":{"errorType":"net.thucydides.core.webdriver.exceptions.ElementShouldBeEnabledException","message":"Expected enabled element was not enabled","stackTrace":[{"declaringClass":"testmasglobal.certification.tasks.GoTo","methodName":"performAs","fileName":"GoTo.java","lineNumber":20},{"declaringClass":"testmasglobal.certification.stepdefinitions.TestMasGlobalStepDefinition","methodName":"iTypeIntoTheSearchField","fileName":"TestMasGlobalStepDefinition.java","lineNumber":41},{"declaringClass":"cucumber.runner.Runner","methodName":"runPickle","fileName":"Runner.java","lineNumber":80}],"rootCause":{"errorType":"org.openqa.selenium.TimeoutException","message":"Expected condition failed: waiting for By.xpath: //input[@id\u003d\u0027search\u0027] to be enabled (tried for 5 second(s) with 100 milliseconds interval)","stackTrace":[{"declaringClass":"testmasglobal.certification.tasks.GoTo","methodName":"performAs","fileName":"GoTo.java","lineNumber":20},{"declaringClass":"testmasglobal.certification.stepdefinitions.TestMasGlobalStepDefinition","methodName":"iTypeIntoTheSearchField","fileName":"TestMasGlobalStepDefinition.java","lineNumber":41},{"declaringClass":"cucumber.runner.Runner","methodName":"runPickle","fileName":"Runner.java","lineNumber":80}],"rootCause":{"errorType":"org.openqa.selenium.NoSuchElementException","message":"no such element: Unable to locate element: {\"method\":\"xpath\",\"selector\":\"//input[@id\u003d\u0027search\u0027]\"}\n  (Session info: chrome\u003d102.0.5005.115)\nFor documentation on this error, please visit: http://seleniumhq.org/exceptions/no_such_element.html\nBuild info: version: \u00273.11.0\u0027, revision: \u0027e59cfb3\u0027, time: \u00272018-03-11T20:26:55.152Z\u0027\nSystem info: host: \u0027DESKTOP-4V6O9H3\u0027, ip: \u0027192.168.1.8\u0027, os.name: \u0027Windows 10\u0027, os.arch: \u0027amd64\u0027, os.version: \u002710.0\u0027, java.version: \u00271.8.0_311\u0027\nDriver info: org.openqa.selenium.chrome.ChromeDriver\nCapabilities {acceptInsecureCerts: false, browserName: chrome, browserVersion: 102.0.5005.115, chrome: {chromedriverVersion: 102.0.5005.61 (0e59bcc00cc4..., userDataDir: C:\\Users\\GUERRA\\AppData\\Loc...}, goog:chromeOptions: {debuggerAddress: localhost:50407}, javascriptEnabled: true, networkConnectionEnabled: false, pageLoadStrategy: normal, platform: WINDOWS, platformName: WINDOWS, proxy: Proxy(), setWindowRect: true, strictFileInteractability: false, timeouts: {implicit: 0, pageLoad: 300000, script: 30000}, unhandledPromptBehavior: dismiss and notify, webauthn:extension:credBlob: true, webauthn:extension:largeBlob: true, webauthn:virtualAuthenticators: true}\nSession ID: 6a00a113543625cf9310e3325d30a46e\n*** Element info: {Using\u003dxpath, value\u003d//input[@id\u003d\u0027search\u0027]}","stackTrace":[{"declaringClass":"testmasglobal.certification.tasks.GoTo","methodName":"performAs","fileName":"GoTo.java","lineNumber":20},{"declaringClass":"testmasglobal.certification.stepdefinitions.TestMasGlobalStepDefinition","methodName":"iTypeIntoTheSearchField","fileName":"TestMasGlobalStepDefinition.java","lineNumber":41},{"declaringClass":"cucumber.runner.Runner","methodName":"runPickle","fileName":"Runner.java","lineNumber":80}]}}},"result":"FAILURE","precondition":false,"children":[{"number":44,"description":"Cristian enters \u0027smart watch\u0027 into textbox search","duration":5542,"startTime":"2022-06-28T23:00:07.207-05:00[America/Bogota]","screenshots":[{"screenshot":"fb32a928c8141bb2634d919c3f1fc6d9529ab718371cfdad24e74d8f0c5210c7.png"},{"screenshot":"fb32a928c8141bb2634d919c3f1fc6d9529ab718371cfdad24e74d8f0c5210c7.png","htmlSource":"pagesource6577870154141777188.html.txt"}],"exception":{"errorType":"net.thucydides.core.webdriver.exceptions.ElementShouldBeEnabledException","message":"Expected enabled element was not enabled","stackTrace":[{"declaringClass":"testmasglobal.certification.tasks.GoTo","methodName":"performAs","fileName":"GoTo.java","lineNumber":20},{"declaringClass":"testmasglobal.certification.stepdefinitions.TestMasGlobalStepDefinition","methodName":"iTypeIntoTheSearchField","fileName":"TestMasGlobalStepDefinition.java","lineNumber":41},{"declaringClass":"cucumber.runner.Runner","methodName":"runPickle","fileName":"Runner.java","lineNumber":80}],"rootCause":{"errorType":"org.openqa.selenium.TimeoutException","message":"Expected condition failed: waiting for By.xpath: //input[@id\u003d\u0027search\u0027] to be enabled (tried for 5 second(s) with 100 milliseconds interval)","stackTrace":[{"declaringClass":"testmasglobal.certification.tasks.GoTo","methodName":"performAs","fileName":"GoTo.java","lineNumber":20},{"declaringClass":"testmasglobal.certification.stepdefinitions.TestMasGlobalStepDefinition","methodName":"iTypeIntoTheSearchField","fileName":"TestMasGlobalStepDefinition.java","lineNumber":41},{"declaringClass":"cucumber.runner.Runner","methodName":"runPickle","fileName":"Runner.java","lineNumber":80}],"rootCause":{"errorType":"org.openqa.selenium.NoSuchElementException","message":"no such element: Unable to locate element: {\"method\":\"xpath\",\"selector\":\"//input[@id\u003d\u0027search\u0027]\"}\n  (Session info: chrome\u003d102.0.5005.115)\nFor documentation on this error, please visit: http://seleniumhq.org/exceptions/no_such_element.html\nBuild info: version: \u00273.11.0\u0027, revision: \u0027e59cfb3\u0027, time: \u00272018-03-11T20:26:55.152Z\u0027\nSystem info: host: \u0027DESKTOP-4V6O9H3\u0027, ip: \u0027192.168.1.8\u0027, os.name: \u0027Windows 10\u0027, os.arch: \u0027amd64\u0027, os.version: \u002710.0\u0027, java.version: \u00271.8.0_311\u0027\nDriver info: org.openqa.selenium.chrome.ChromeDriver\nCapabilities {acceptInsecureCerts: false, browserName: chrome, browserVersion: 102.0.5005.115, chrome: {chromedriverVersion: 102.0.5005.61 (0e59bcc00cc4..., userDataDir: C:\\Users\\GUERRA\\AppData\\Loc...}, goog:chromeOptions: {debuggerAddress: localhost:50407}, javascriptEnabled: true, networkConnectionEnabled: false, pageLoadStrategy: normal, platform: WINDOWS, platformName: WINDOWS, proxy: Proxy(), setWindowRect: true, strictFileInteractability: false, timeouts: {implicit: 0, pageLoad: 300000, script: 30000}, unhandledPromptBehavior: dismiss and notify, webauthn:extension:credBlob: true, webauthn:extension:largeBlob: true, webauthn:virtualAuthenticators: true}\nSession ID: 6a00a113543625cf9310e3325d30a46e\n*** Element info: {Using\u003dxpath, value\u003d//input[@id\u003d\u0027search\u0027]}","stackTrace":[{"declaringClass":"testmasglobal.certification.tasks.GoTo","methodName":"performAs","fileName":"GoTo.java","lineNumber":20},{"declaringClass":"testmasglobal.certification.stepdefinitions.TestMasGlobalStepDefinition","methodName":"iTypeIntoTheSearchField","fileName":"TestMasGlobalStepDefinition.java","lineNumber":41},{"declaringClass":"cucumber.runner.Runner","methodName":"runPickle","fileName":"Runner.java","lineNumber":80}]}}},"result":"FAILURE","precondition":false}]},{"number":45,"description":"Perform as: Cristian","duration":2,"startTime":"2022-06-28T23:00:12.751-05:00[America/Bogota]","exception":{"errorType":"net.thucydides.core.webdriver.exceptions.ElementShouldBeEnabledException","message":"Expected enabled element was not enabled","stackTrace":[{"declaringClass":"testmasglobal.certification.tasks.GoTo","methodName":"performAs","fileName":"GoTo.java","lineNumber":20},{"declaringClass":"testmasglobal.certification.stepdefinitions.TestMasGlobalStepDefinition","methodName":"iTypeIntoTheSearchField","fileName":"TestMasGlobalStepDefinition.java","lineNumber":41},{"declaringClass":"cucumber.runner.Runner","methodName":"runPickle","fileName":"Runner.java","lineNumber":80}],"rootCause":{"errorType":"org.openqa.selenium.TimeoutException","message":"Expected condition failed: waiting for By.xpath: //input[@id\u003d\u0027search\u0027] to be enabled (tried for 5 second(s) with 100 milliseconds interval)","stackTrace":[{"declaringClass":"testmasglobal.certification.tasks.GoTo","methodName":"performAs","fileName":"GoTo.java","lineNumber":20},{"declaringClass":"testmasglobal.certification.stepdefinitions.TestMasGlobalStepDefinition","methodName":"iTypeIntoTheSearchField","fileName":"TestMasGlobalStepDefinition.java","lineNumber":41},{"declaringClass":"cucumber.runner.Runner","methodName":"runPickle","fileName":"Runner.java","lineNumber":80}],"rootCause":{"errorType":"org.openqa.selenium.NoSuchElementException","message":"no such element: Unable to locate element: {\"method\":\"xpath\",\"selector\":\"//input[@id\u003d\u0027search\u0027]\"}\n  (Session info: chrome\u003d102.0.5005.115)\nFor documentation on this error, please visit: http://seleniumhq.org/exceptions/no_such_element.html\nBuild info: version: \u00273.11.0\u0027, revision: \u0027e59cfb3\u0027, time: \u00272018-03-11T20:26:55.152Z\u0027\nSystem info: host: \u0027DESKTOP-4V6O9H3\u0027, ip: \u0027192.168.1.8\u0027, os.name: \u0027Windows 10\u0027, os.arch: \u0027amd64\u0027, os.version: \u002710.0\u0027, java.version: \u00271.8.0_311\u0027\nDriver info: org.openqa.selenium.chrome.ChromeDriver\nCapabilities {acceptInsecureCerts: false, browserName: chrome, browserVersion: 102.0.5005.115, chrome: {chromedriverVersion: 102.0.5005.61 (0e59bcc00cc4..., userDataDir: C:\\Users\\GUERRA\\AppData\\Loc...}, goog:chromeOptions: {debuggerAddress: localhost:50407}, javascriptEnabled: true, networkConnectionEnabled: false, pageLoadStrategy: normal, platform: WINDOWS, platformName: WINDOWS, proxy: Proxy(), setWindowRect: true, strictFileInteractability: false, timeouts: {implicit: 0, pageLoad: 300000, script: 30000}, unhandledPromptBehavior: dismiss and notify, webauthn:extension:credBlob: true, webauthn:extension:largeBlob: true, webauthn:virtualAuthenticators: true}\nSession ID: 6a00a113543625cf9310e3325d30a46e\n*** Element info: {Using\u003dxpath, value\u003d//input[@id\u003d\u0027search\u0027]}","stackTrace":[{"declaringClass":"testmasglobal.certification.tasks.GoTo","methodName":"performAs","fileName":"GoTo.java","lineNumber":20},{"declaringClass":"testmasglobal.certification.stepdefinitions.TestMasGlobalStepDefinition","methodName":"iTypeIntoTheSearchField","fileName":"TestMasGlobalStepDefinition.java","lineNumber":41},{"declaringClass":"cucumber.runner.Runner","methodName":"runPickle","fileName":"Runner.java","lineNumber":80}]}}},"result":"FAILURE","precondition":false}]},{"number":46,"description":"And I click the Target Search button","duration":0,"startTime":"2022-06-28T23:00:12.755-05:00[America/Bogota]","result":"PENDING","precondition":false},{"number":47,"description":"Then I go to the search results page","duration":1,"startTime":"2022-06-28T23:00:12.755-05:00[America/Bogota]","result":"IGNORED","precondition":false},{"number":48,"description":"Then the watch result","duration":0,"startTime":"2022-06-28T23:00:12.756-05:00[America/Bogota]","result":"PENDING","precondition":false}],"userStory":{"id":"google-homepage-search","storyName":"Google Homepage Search","path":"src/test/resources/features/google/Google_homepage_search.feature","type":"feature"},"featureTag":{"name":"Google/Google Homepage Search","type":"feature"},"title":"User can search with “Target”","tags":[{"name":"Google/Google homepage search","type":"feature"},{"name":"Google","type":"capability"}],"startTime":"2022-06-28T22:59:22.188-05:00[America/Bogota]","duration":52035,"testFailureCause":{"errorType":"net.thucydides.core.webdriver.exceptions.ElementShouldBeEnabledException","message":"Expected enabled element was not enabled","stackTrace":[{"declaringClass":"testmasglobal.certification.tasks.GoTo","methodName":"performAs","fileName":"GoTo.java","lineNumber":20},{"declaringClass":"testmasglobal.certification.stepdefinitions.TestMasGlobalStepDefinition","methodName":"iTypeIntoTheSearchField","fileName":"TestMasGlobalStepDefinition.java","lineNumber":41},{"declaringClass":"cucumber.runner.Runner","methodName":"runPickle","fileName":"Runner.java","lineNumber":80}],"rootCause":{"errorType":"org.openqa.selenium.TimeoutException","message":"Expected condition failed: waiting for By.xpath: //input[@id\u003d\u0027search\u0027] to be enabled (tried for 5 second(s) with 100 milliseconds interval)","stackTrace":[{"declaringClass":"testmasglobal.certification.tasks.GoTo","methodName":"performAs","fileName":"GoTo.java","lineNumber":20},{"declaringClass":"testmasglobal.certification.stepdefinitions.TestMasGlobalStepDefinition","methodName":"iTypeIntoTheSearchField","fileName":"TestMasGlobalStepDefinition.java","lineNumber":41},{"declaringClass":"cucumber.runner.Runner","methodName":"runPickle","fileName":"Runner.java","lineNumber":80}],"rootCause":{"errorType":"org.openqa.selenium.NoSuchElementException","message":"no such element: Unable to locate element: {\"method\":\"xpath\",\"selector\":\"//input[@id\u003d\u0027search\u0027]\"}\n  (Session info: chrome\u003d102.0.5005.115)\nFor documentation on this error, please visit: http://seleniumhq.org/exceptions/no_such_element.html\nBuild info: version: \u00273.11.0\u0027, revision: \u0027e59cfb3\u0027, time: \u00272018-03-11T20:26:55.152Z\u0027\nSystem info: host: \u0027DESKTOP-4V6O9H3\u0027, ip: \u0027192.168.1.8\u0027, os.name: \u0027Windows 10\u0027, os.arch: \u0027amd64\u0027, os.version: \u002710.0\u0027, java.version: \u00271.8.0_311\u0027\nDriver info: org.openqa.selenium.chrome.ChromeDriver\nCapabilities {acceptInsecureCerts: false, browserName: chrome, browserVersion: 102.0.5005.115, chrome: {chromedriverVersion: 102.0.5005.61 (0e59bcc00cc4..., userDataDir: C:\\Users\\GUERRA\\AppData\\Loc...}, goog:chromeOptions: {debuggerAddress: localhost:50285}, javascriptEnabled: true, networkConnectionEnabled: false, pageLoadStrategy: normal, platform: WINDOWS, platformName: WINDOWS, proxy: Proxy(), setWindowRect: true, strictFileInteractability: false, timeouts: {implicit: 0, pageLoad: 300000, script: 30000}, unhandledPromptBehavior: dismiss and notify, webauthn:extension:credBlob: true, webauthn:extension:largeBlob: true, webauthn:virtualAuthenticators: true}\nSession ID: 15f678e2b0fb6edcb4551aef7ef055bf\n*** Element info: {Using\u003dxpath, value\u003d//input[@id\u003d\u0027search\u0027]}","stackTrace":[{"declaringClass":"testmasglobal.certification.tasks.GoTo","methodName":"performAs","fileName":"GoTo.java","lineNumber":20},{"declaringClass":"testmasglobal.certification.stepdefinitions.TestMasGlobalStepDefinition","methodName":"iTypeIntoTheSearchField","fileName":"TestMasGlobalStepDefinition.java","lineNumber":41},{"declaringClass":"cucumber.runner.Runner","methodName":"runPickle","fileName":"Runner.java","lineNumber":80}]}}},"testFailureClassname":"net.thucydides.core.webdriver.exceptions.ElementShouldBeEnabledException","testFailureMessage":"Expected enabled element was not enabled","testFailureSummary":"FAILURE;net.thucydides.core.webdriver.exceptions.ElementShouldBeEnabledException;Expected enabled element was not enabled;GoTo.java","projectKey":"","annotatedResult":"PENDING","sessionId":"6a00a113543625cf9310e3325d30a46e","driver":"chrome","dataTable":{"headers":["product"],"rows":[{"values":["playstation 5"],"result":"FAILURE"},{"values":["soccer ball"],"result":"FAILURE"},{"values":["soccer ball"],"result":"FAILURE"},{"values":["phone"],"result":"FAILURE"},{"values":["apple"],"result":"FAILURE"},{"values":["smart watch"],"result":"FAILURE"}],"predefinedRows":true,"scenarioOutline":"Given I’m on the homepage\n\rWhen I type \u003cproduct\u003e into the search field\n\rAnd I click the Target Search button\n\rThen I go to the search results page\n\rThen the watch result\n\r","dataSetDescriptors":[{"startRow":0,"rowCount":0,"name":""}]},"manual":false,"testSource":"Cucumber","result":"PENDING"}